2020-05-16 19:59:57,044 INFO Robot start moving /thymio10
2020-05-16 20:00:37,565 INFO Robot start moving /thymio10
2020-05-16 20:00:38,407 DEBUG angular velocity: [[0.20881712]]
2020-05-16 20:00:38,532 DEBUG angular velocity: [[-0.5776542]]
2020-05-16 20:00:38,601 DEBUG angular velocity: [[-0.60891706]]
2020-05-16 20:00:38,684 DEBUG angular velocity: [[-0.6062872]]
2020-05-16 20:00:38,759 DEBUG angular velocity: [[-0.48118874]]
2020-05-16 20:00:38,837 DEBUG angular velocity: [[-0.3709559]]
2020-05-16 20:00:38,929 DEBUG angular velocity: [[-0.38783658]]
2020-05-16 20:00:39,047 DEBUG angular velocity: [[-0.35246056]]
2020-05-16 20:00:39,158 DEBUG angular velocity: [[-0.33108726]]
2020-05-16 20:00:39,267 DEBUG angular velocity: [[-0.35768387]]
2020-05-16 20:00:39,439 DEBUG angular velocity: [[-0.3863494]]
2020-05-16 20:00:39,550 DEBUG angular velocity: [[-0.21660449]]
2020-05-16 20:00:39,640 DEBUG angular velocity: [[-0.1971835]]
2020-05-16 20:00:39,779 DEBUG angular velocity: [[-0.3021871]]
2020-05-16 20:00:39,848 DEBUG angular velocity: [[-0.35491753]]
2020-05-16 20:00:40,007 DEBUG angular velocity: [[-0.3539459]]
2020-05-16 20:00:40,134 DEBUG angular velocity: [[-0.40751356]]
2020-05-16 20:00:40,245 DEBUG angular velocity: [[-0.39518422]]
2020-05-16 20:00:40,352 DEBUG angular velocity: [[-0.41058427]]
2020-05-16 20:00:40,451 DEBUG angular velocity: [[-0.48013133]]
2020-05-16 20:00:40,587 DEBUG angular velocity: [[-0.52980644]]
2020-05-16 20:00:40,747 DEBUG angular velocity: [[-0.5446004]]
2020-05-16 20:00:40,844 DEBUG angular velocity: [[-0.5284434]]
2020-05-16 20:00:40,973 DEBUG angular velocity: [[-0.5298657]]
2020-05-16 20:00:41,050 DEBUG angular velocity: [[-0.72890854]]
2020-05-16 20:00:41,190 DEBUG angular velocity: [[-0.7211834]]
2020-05-16 20:00:41,319 DEBUG angular velocity: [[-0.7057407]]
2020-05-16 20:00:41,492 DEBUG angular velocity: [[-0.54933316]]
2020-05-16 20:00:41,589 DEBUG angular velocity: [[-0.55340004]]
2020-05-16 20:00:41,663 DEBUG angular velocity: [[-0.62158966]]
2020-05-16 20:00:41,765 DEBUG angular velocity: [[-0.69487846]]
2020-05-16 20:00:41,892 DEBUG angular velocity: [[-0.6191767]]
2020-05-16 20:00:42,022 DEBUG angular velocity: [[0.14026001]]
2020-05-16 20:00:42,130 DEBUG angular velocity: [[0.7533951]]
2020-05-16 20:00:42,267 DEBUG angular velocity: [[0.5391779]]
2020-05-16 20:00:42,360 DEBUG angular velocity: [[-0.66269886]]
2020-05-16 20:00:42,480 DEBUG angular velocity: [[-0.7243718]]
2020-05-16 20:00:42,592 DEBUG angular velocity: [[-0.6578004]]
2020-05-16 20:00:42,713 DEBUG angular velocity: [[-0.19277853]]
2020-05-16 20:00:42,880 DEBUG angular velocity: [[0.06177449]]
2020-05-16 20:00:42,968 DEBUG angular velocity: [[0.29787296]]
2020-05-16 20:00:43,101 DEBUG angular velocity: [[0.24208942]]
2020-05-16 20:00:43,216 DEBUG angular velocity: [[-0.11381999]]
2020-05-16 20:00:43,345 DEBUG angular velocity: [[-0.5299036]]
2020-05-16 20:00:43,410 DEBUG angular velocity: [[-0.43063414]]
2020-05-16 20:00:43,540 DEBUG angular velocity: [[-0.5067061]]
2020-05-16 20:00:43,632 DEBUG angular velocity: [[0.3628599]]
2020-05-16 20:00:43,754 DEBUG angular velocity: [[0.39044914]]
2020-05-16 20:00:43,916 DEBUG angular velocity: [[0.19522631]]
2020-05-16 20:00:44,015 DEBUG angular velocity: [[-0.624699]]
2020-05-16 20:00:44,180 DEBUG angular velocity: [[-0.5739604]]
2020-05-16 20:00:44,379 DEBUG angular velocity: [[-0.5009607]]
2020-05-16 20:00:44,466 DEBUG angular velocity: [[-0.6677271]]
2020-05-16 20:00:44,540 DEBUG angular velocity: [[-0.48253757]]
2020-05-16 20:00:44,625 DEBUG angular velocity: [[0.22363843]]
2020-05-16 20:00:44,741 DEBUG angular velocity: [[-0.41555327]]
2020-05-16 20:00:44,849 DEBUG angular velocity: [[-0.19878682]]
2020-05-16 20:00:44,981 DEBUG angular velocity: [[-0.24997354]]
2020-05-16 20:00:45,100 DEBUG angular velocity: [[-0.3150858]]
2020-05-16 20:00:45,244 DEBUG angular velocity: [[-0.26141053]]
2020-05-16 20:00:45,384 DEBUG angular velocity: [[-0.23347913]]
2020-05-16 20:00:45,512 DEBUG angular velocity: [[-0.33347642]]
2020-05-16 20:00:45,626 DEBUG angular velocity: [[-0.28278336]]
2020-05-16 20:00:45,756 DEBUG angular velocity: [[-0.44395563]]
2020-05-16 20:00:45,920 DEBUG angular velocity: [[-0.39902404]]
2020-05-16 20:00:46,068 DEBUG angular velocity: [[-0.37825477]]
2020-05-16 20:00:46,176 DEBUG angular velocity: [[-0.3840115]]
2020-05-16 20:00:46,324 DEBUG angular velocity: [[-0.27350506]]
2020-05-16 20:00:46,464 DEBUG angular velocity: [[-0.24993317]]
2020-05-16 20:00:46,584 DEBUG angular velocity: [[-0.40219492]]
2020-05-16 20:00:46,766 DEBUG angular velocity: [[-0.43939725]]
2020-05-16 20:00:46,868 DEBUG angular velocity: [[-0.1879332]]
2020-05-16 20:00:46,972 DEBUG angular velocity: [[-0.0403567]]
2020-05-16 20:00:47,119 DEBUG angular velocity: [[-0.1976671]]
2020-05-16 20:00:47,215 DEBUG angular velocity: [[-0.23296204]]
2020-05-16 20:00:47,369 DEBUG angular velocity: [[-0.19637091]]
2020-05-16 20:00:47,482 DEBUG angular velocity: [[-0.13276124]]
2020-05-16 20:00:47,597 DEBUG angular velocity: [[-0.14168411]]
2020-05-16 20:00:47,769 DEBUG angular velocity: [[-0.19908898]]
2020-05-16 20:00:47,891 DEBUG angular velocity: [[-0.11551446]]
2020-05-16 20:00:48,042 DEBUG angular velocity: [[-0.13453616]]
2020-05-16 20:00:48,175 DEBUG angular velocity: [[-0.3077777]]
2020-05-16 20:00:48,298 DEBUG angular velocity: [[-0.3005544]]
2020-05-16 20:00:48,463 DEBUG angular velocity: [[-0.3469109]]
2020-05-16 20:00:48,611 DEBUG angular velocity: [[-0.41351312]]
2020-05-16 20:00:48,745 DEBUG angular velocity: [[-0.30537674]]
2020-05-16 20:00:48,900 DEBUG angular velocity: [[-0.337043]]
2020-05-16 20:00:49,036 DEBUG angular velocity: [[-0.32407105]]
2020-05-16 20:00:49,206 DEBUG angular velocity: [[-0.37104774]]
2020-05-16 20:00:49,339 DEBUG angular velocity: [[-0.35800296]]
2020-05-16 20:00:49,503 DEBUG angular velocity: [[-0.2766202]]
2020-05-16 20:00:49,667 DEBUG angular velocity: [[-0.35784724]]
2020-05-16 20:00:49,822 DEBUG angular velocity: [[-0.2777235]]
2020-05-16 20:00:49,955 DEBUG angular velocity: [[-0.38692725]]
2020-05-16 20:00:50,083 DEBUG angular velocity: [[-0.37663218]]
2020-05-16 20:00:50,210 DEBUG angular velocity: [[-0.375121]]
2020-05-16 20:00:50,348 DEBUG angular velocity: [[-0.4596861]]
2020-05-16 20:00:50,496 DEBUG angular velocity: [[-0.4354645]]
2020-05-16 20:00:50,611 DEBUG angular velocity: [[-0.40127075]]
2020-05-16 20:00:50,753 DEBUG angular velocity: [[-0.40119234]]
2020-05-16 20:00:50,895 DEBUG angular velocity: [[-0.37873948]]
2020-05-16 20:00:51,034 DEBUG angular velocity: [[-0.41906917]]
2020-05-16 20:00:51,173 DEBUG angular velocity: [[-0.55018044]]
2020-05-16 20:00:51,304 DEBUG angular velocity: [[-0.6091433]]
2020-05-16 20:00:51,443 DEBUG angular velocity: [[-0.6151004]]
2020-05-16 20:00:51,635 DEBUG angular velocity: [[-0.629358]]
2020-05-16 20:00:51,719 DEBUG angular velocity: [[-0.6948265]]
2020-05-16 20:00:51,873 DEBUG angular velocity: [[-0.14992371]]
2020-05-16 20:00:51,953 DEBUG angular velocity: [[-0.3333873]]
2020-05-16 20:00:52,060 DEBUG angular velocity: [[-0.40963665]]
2020-05-16 20:00:52,162 DEBUG angular velocity: [[-0.6047301]]
2020-05-16 20:00:52,319 DEBUG angular velocity: [[-0.90209806]]
2020-05-16 20:00:52,419 DEBUG angular velocity: [[-0.74803543]]
2020-05-16 20:00:52,543 DEBUG angular velocity: [[0.24355689]]
2020-05-16 20:00:52,652 DEBUG angular velocity: [[0.7728932]]
2020-05-16 20:00:52,761 DEBUG angular velocity: [[0.49085572]]
2020-05-16 20:00:52,915 DEBUG angular velocity: [[-0.54397154]]
2020-05-16 20:00:53,072 DEBUG angular velocity: [[-0.7759058]]
2020-05-16 20:00:53,151 DEBUG angular velocity: [[-0.31017584]]
2020-05-16 20:00:53,283 DEBUG angular velocity: [[-0.5529623]]
2020-05-16 20:00:53,382 DEBUG angular velocity: [[-0.52326095]]
2020-05-16 20:00:53,523 DEBUG angular velocity: [[-0.37578788]]
2020-05-16 20:00:53,671 DEBUG angular velocity: [[-0.2839667]]
2020-05-16 20:00:53,791 DEBUG angular velocity: [[-0.3762101]]
2020-05-16 20:00:53,931 DEBUG angular velocity: [[0.23101592]]
2020-05-16 20:00:54,053 DEBUG angular velocity: [[0.17897287]]
2020-05-16 20:00:54,157 DEBUG angular velocity: [[-0.50860876]]
2020-05-16 20:00:54,304 DEBUG angular velocity: [[-0.43302625]]
2020-05-16 20:00:54,431 DEBUG angular velocity: [[-0.59231603]]
2020-05-16 20:00:54,576 DEBUG angular velocity: [[-0.58727384]]
2020-05-16 20:00:54,616 DEBUG angular velocity: [[-0.5853415]]
2020-05-16 20:00:54,761 DEBUG angular velocity: [[0.56742066]]
2020-05-16 20:00:54,872 DEBUG angular velocity: [[0.43439066]]
2020-05-16 20:00:55,013 DEBUG angular velocity: [[0.6927431]]
2020-05-16 20:00:55,145 DEBUG angular velocity: [[-0.25242132]]
2020-05-16 20:00:55,267 DEBUG angular velocity: [[-0.4474713]]
2020-05-16 20:00:55,418 DEBUG angular velocity: [[-0.3486517]]
2020-05-16 20:00:55,554 DEBUG angular velocity: [[-0.3530271]]
2020-05-16 20:00:55,687 DEBUG angular velocity: [[-0.32447392]]
2020-05-16 20:00:55,791 DEBUG angular velocity: [[-0.35486436]]
2020-05-16 20:00:55,930 DEBUG angular velocity: [[-0.36102527]]
2020-05-16 20:00:56,075 DEBUG angular velocity: [[-0.4801581]]
2020-05-16 20:00:56,190 DEBUG angular velocity: [[-0.49124193]]
2020-05-16 20:00:56,342 DEBUG angular velocity: [[-0.44122285]]
2020-05-16 20:00:56,507 DEBUG angular velocity: [[-0.38868043]]
2020-05-16 20:00:56,698 DEBUG angular velocity: [[-0.4108542]]
2020-05-16 20:00:56,841 DEBUG angular velocity: [[-0.43714792]]
2020-05-16 20:00:57,002 DEBUG angular velocity: [[-0.44184786]]
2020-05-16 20:00:57,175 DEBUG angular velocity: [[-0.5289165]]
2020-05-16 20:00:57,327 DEBUG angular velocity: [[-0.43461236]]
2020-05-16 20:00:57,449 DEBUG angular velocity: [[-0.32250908]]
2020-05-16 20:00:57,590 DEBUG angular velocity: [[-0.4447037]]
2020-05-16 20:00:57,772 DEBUG angular velocity: [[-0.5090349]]
2020-05-16 20:00:57,946 DEBUG angular velocity: [[-0.28112566]]
2020-05-16 20:00:58,100 DEBUG angular velocity: [[-0.2235748]]
2020-05-16 20:00:58,235 DEBUG angular velocity: [[-0.24611236]]
2020-05-16 20:00:58,372 DEBUG angular velocity: [[-0.14698474]]
2020-05-16 20:00:58,507 DEBUG angular velocity: [[-0.08099704]]
2020-05-16 20:00:58,607 DEBUG angular velocity: [[-0.2133768]]
2020-05-16 20:00:58,757 DEBUG angular velocity: [[-0.08298629]]
2020-05-16 20:00:58,898 DEBUG angular velocity: [[-0.1113871]]
2020-05-16 20:00:59,061 DEBUG angular velocity: [[-0.18587865]]
2020-05-16 20:00:59,206 DEBUG angular velocity: [[-0.45387834]]
2020-05-16 20:00:59,381 DEBUG angular velocity: [[-0.5377556]]
2020-05-16 20:00:59,503 DEBUG angular velocity: [[-0.35687155]]
2020-05-16 20:00:59,682 DEBUG angular velocity: [[0.03084247]]
2020-05-16 20:00:59,815 DEBUG angular velocity: [[-0.2777716]]
2020-05-16 20:00:59,959 DEBUG angular velocity: [[-0.46919823]]
2020-05-16 20:01:00,097 DEBUG angular velocity: [[-0.16297005]]
2020-05-16 20:01:00,203 DEBUG angular velocity: [[-0.17302161]]
2020-05-16 20:01:00,330 DEBUG angular velocity: [[-0.24142873]]
2020-05-16 20:01:00,493 DEBUG angular velocity: [[-0.27028072]]
2020-05-16 20:01:00,595 DEBUG angular velocity: [[-0.20362341]]
2020-05-16 20:01:00,762 DEBUG angular velocity: [[-0.14729884]]
2020-05-16 20:01:00,856 DEBUG angular velocity: [[-0.03652377]]
2020-05-16 20:01:00,987 DEBUG angular velocity: [[-0.13791913]]
2020-05-16 20:01:01,116 DEBUG angular velocity: [[-0.16626617]]
2020-05-16 20:01:01,256 DEBUG angular velocity: [[-0.23057579]]
2020-05-16 20:01:01,349 DEBUG angular velocity: [[-0.2744868]]
2020-05-16 20:01:01,518 DEBUG angular velocity: [[-0.4098255]]
2020-05-16 20:01:01,595 DEBUG angular velocity: [[-0.41763496]]
2020-05-16 20:01:01,747 DEBUG angular velocity: [[-0.36606866]]
2020-05-16 20:01:01,848 DEBUG angular velocity: [[-0.37308592]]
2020-05-16 20:01:01,954 DEBUG angular velocity: [[-0.47236297]]
2020-05-16 20:01:02,082 DEBUG angular velocity: [[-0.5193579]]
2020-05-16 20:01:02,184 DEBUG angular velocity: [[-0.14992839]]
2020-05-16 20:01:02,279 DEBUG angular velocity: [[-0.45523292]]
2020-05-16 20:01:02,405 DEBUG angular velocity: [[-0.41878596]]
2020-05-16 20:01:02,524 DEBUG angular velocity: [[-0.534076]]
2020-05-16 20:01:02,666 DEBUG angular velocity: [[-0.28323594]]
2020-05-16 20:01:02,773 DEBUG angular velocity: [[-0.46657202]]
2020-05-16 20:01:02,902 DEBUG angular velocity: [[-0.5190362]]
2020-05-16 20:01:03,071 DEBUG angular velocity: [[-0.5008697]]
2020-05-16 20:01:03,224 DEBUG angular velocity: [[-0.47693336]]
2020-05-16 20:01:03,404 DEBUG angular velocity: [[-0.6201859]]
2020-05-16 20:01:03,491 DEBUG angular velocity: [[-0.53198266]]
2020-05-16 20:01:03,644 DEBUG angular velocity: [[-0.51408744]]
2020-05-16 20:01:03,773 DEBUG angular velocity: [[-0.2785807]]
2020-05-16 20:01:03,912 DEBUG angular velocity: [[-0.19130668]]
2020-05-16 20:01:04,059 DEBUG angular velocity: [[0.00561699]]
2020-05-16 20:01:04,167 DEBUG angular velocity: [[-0.06973831]]
2020-05-16 20:01:04,342 DEBUG angular velocity: [[-0.06435575]]
2020-05-16 20:01:04,467 DEBUG angular velocity: [[-0.16996601]]
2020-05-16 20:01:04,625 DEBUG angular velocity: [[-0.19859374]]
2020-05-16 20:01:04,788 DEBUG angular velocity: [[-0.13024117]]
2020-05-16 20:01:04,934 DEBUG angular velocity: [[-0.14761567]]
2020-05-16 20:01:05,052 DEBUG angular velocity: [[-0.4600586]]
2020-05-16 20:01:05,194 DEBUG angular velocity: [[-0.35101312]]
2020-05-16 20:01:05,307 DEBUG angular velocity: [[-0.07409158]]
2020-05-16 20:01:05,419 DEBUG angular velocity: [[-0.29658335]]
2020-05-16 20:01:05,555 DEBUG angular velocity: [[-0.26550317]]
2020-05-16 20:01:05,669 DEBUG angular velocity: [[-0.18837526]]
2020-05-16 20:01:05,800 DEBUG angular velocity: [[-0.0926384]]
2020-05-16 20:01:05,952 DEBUG angular velocity: [[-0.13033307]]
2020-05-16 20:01:06,110 DEBUG angular velocity: [[-0.24357384]]
2020-05-16 20:01:06,294 DEBUG angular velocity: [[-0.1713852]]
2020-05-16 20:01:06,423 DEBUG angular velocity: [[-0.15987737]]
2020-05-16 20:01:06,511 DEBUG angular velocity: [[-0.1487584]]
2020-05-16 20:01:06,675 DEBUG angular velocity: [[-0.28097075]]
2020-05-16 20:01:06,792 DEBUG angular velocity: [[-0.2325389]]
2020-05-16 20:01:06,929 DEBUG angular velocity: [[-0.30213863]]
2020-05-16 20:01:07,040 DEBUG angular velocity: [[-0.2741554]]
2020-05-16 20:01:07,150 DEBUG angular velocity: [[-0.3243329]]
2020-05-16 20:01:07,279 DEBUG angular velocity: [[-0.37517887]]
2020-05-16 20:01:07,379 DEBUG angular velocity: [[-0.1851463]]
2020-05-16 20:01:07,495 DEBUG angular velocity: [[-0.1721892]]
2020-05-16 20:01:07,618 DEBUG angular velocity: [[-0.11842816]]
2020-05-16 20:01:07,769 DEBUG angular velocity: [[-0.14569472]]
2020-05-16 20:01:07,899 DEBUG angular velocity: [[-0.12385239]]
2020-05-16 20:01:07,985 DEBUG angular velocity: [[-0.09170578]]
2020-05-16 20:01:08,117 DEBUG angular velocity: [[-0.0578526]]
2020-05-16 20:01:08,206 DEBUG angular velocity: [[-0.083299]]
2020-05-16 20:01:08,321 DEBUG angular velocity: [[-0.05819824]]
2020-05-16 20:01:08,442 DEBUG angular velocity: [[-0.00965025]]
2020-05-16 20:01:08,592 DEBUG angular velocity: [[-0.07191595]]
2020-05-16 20:01:08,678 DEBUG angular velocity: [[-0.08911718]]
2020-05-16 20:01:08,786 DEBUG angular velocity: [[-0.14411134]]
2020-05-16 20:01:08,907 DEBUG angular velocity: [[-0.15465967]]
2020-05-16 20:01:09,034 DEBUG angular velocity: [[-0.13852382]]
2020-05-16 20:01:09,183 DEBUG angular velocity: [[0.00233799]]
2020-05-16 20:01:09,282 DEBUG angular velocity: [[-0.10955277]]
2020-05-16 20:01:09,390 DEBUG angular velocity: [[-0.17870905]]
2020-05-16 20:01:09,498 DEBUG angular velocity: [[-0.17346963]]
2020-05-16 20:01:09,651 DEBUG angular velocity: [[-0.14117578]]
2020-05-16 20:01:09,740 DEBUG angular velocity: [[-0.15405193]]
2020-05-16 20:01:09,856 DEBUG angular velocity: [[-0.08582476]]
2020-05-16 20:01:09,995 DEBUG angular velocity: [[-0.26042974]]
2020-05-16 20:01:10,068 DEBUG angular velocity: [[-0.32766286]]
2020-05-16 20:01:10,203 DEBUG angular velocity: [[-0.23166981]]
2020-05-16 20:01:10,323 DEBUG angular velocity: [[-0.4431787]]
2020-05-16 20:01:10,419 DEBUG angular velocity: [[-0.38144547]]
2020-05-16 20:01:10,543 DEBUG angular velocity: [[-0.41021365]]
2020-05-16 20:01:10,663 DEBUG angular velocity: [[-0.28616488]]
2020-05-16 20:01:10,788 DEBUG angular velocity: [[-0.16033141]]
2020-05-16 20:01:10,900 DEBUG angular velocity: [[-0.21813995]]
2020-05-16 20:01:11,061 DEBUG angular velocity: [[-0.20129956]]
2020-05-16 20:01:11,161 DEBUG angular velocity: [[-0.03600539]]
2020-05-16 20:01:11,251 DEBUG angular velocity: [[-0.26975954]]
2020-05-16 20:01:11,387 DEBUG angular velocity: [[-0.24226838]]
2020-05-16 20:01:11,460 DEBUG angular velocity: [[-0.11648349]]
2020-05-16 20:01:11,572 DEBUG angular velocity: [[-0.12723666]]
2020-05-16 20:01:11,684 DEBUG angular velocity: [[-0.34296307]]
2020-05-16 20:01:11,808 DEBUG angular velocity: [[-0.4510253]]
2020-05-16 20:01:11,901 DEBUG angular velocity: [[-0.47937232]]
2020-05-16 20:01:12,060 DEBUG angular velocity: [[-0.39609843]]
2020-05-16 20:01:12,164 DEBUG angular velocity: [[-0.39722815]]
2020-05-16 20:01:12,273 DEBUG angular velocity: [[-0.3424644]]
2020-05-16 20:01:12,374 DEBUG angular velocity: [[-0.33880985]]
2020-05-16 20:01:12,488 DEBUG angular velocity: [[-0.3190456]]
2020-05-16 20:01:12,611 DEBUG angular velocity: [[-0.34395498]]
2020-05-16 20:01:12,723 DEBUG angular velocity: [[-0.27058336]]
2020-05-16 20:01:12,897 DEBUG angular velocity: [[-0.31136918]]
2020-05-16 20:01:13,000 DEBUG angular velocity: [[-0.323272]]
2020-05-16 20:01:13,102 DEBUG angular velocity: [[-0.35855424]]
2020-05-16 20:01:13,187 DEBUG angular velocity: [[-0.5086728]]
2020-05-16 20:01:13,301 DEBUG angular velocity: [[-0.47272104]]
2020-05-16 20:01:13,430 DEBUG angular velocity: [[-0.47553283]]
2020-05-16 20:01:13,525 DEBUG angular velocity: [[-0.56055164]]
2020-05-16 20:01:13,626 DEBUG angular velocity: [[-0.5222978]]
2020-05-16 20:01:13,792 DEBUG angular velocity: [[-0.5081645]]
2020-05-16 20:01:13,871 DEBUG angular velocity: [[-0.5714188]]
2020-05-16 20:01:14,032 DEBUG angular velocity: [[-0.54537296]]
2020-05-16 20:01:14,116 DEBUG angular velocity: [[-0.56981605]]
2020-05-16 20:01:14,251 DEBUG angular velocity: [[-0.7453931]]
2020-05-16 20:01:14,341 DEBUG angular velocity: [[-0.6578555]]
2020-05-16 20:01:14,495 DEBUG angular velocity: [[-0.7867371]]
2020-05-16 20:01:14,626 DEBUG angular velocity: [[-0.50108564]]
2020-05-16 20:01:14,733 DEBUG angular velocity: [[-0.47529456]]
2020-05-16 20:01:14,861 DEBUG angular velocity: [[-0.741941]]
2020-05-16 20:01:14,945 DEBUG angular velocity: [[-0.7502818]]
2020-05-16 20:01:15,054 DEBUG angular velocity: [[-0.650109]]
2020-05-16 20:01:15,248 DEBUG angular velocity: [[0.4821477]]
2020-05-16 20:01:15,381 DEBUG angular velocity: [[0.75518894]]
2020-05-16 20:01:15,448 DEBUG angular velocity: [[1.0201969]]
2020-05-16 20:01:15,538 DEBUG angular velocity: [[1.1169449]]
2020-05-16 20:01:15,666 DEBUG angular velocity: [[0.40168878]]
2020-05-16 20:01:15,785 DEBUG angular velocity: [[-0.59483325]]
2020-05-16 20:01:15,859 DEBUG angular velocity: [[-0.4857665]]
2020-05-16 20:01:15,987 DEBUG angular velocity: [[-0.49961585]]
2020-05-16 20:01:16,128 DEBUG angular velocity: [[-0.73451567]]
2020-05-16 20:01:16,200 DEBUG angular velocity: [[-0.59795636]]
2020-05-16 20:01:16,338 DEBUG angular velocity: [[-0.32615113]]
2020-05-16 20:01:16,499 DEBUG angular velocity: [[-0.13091156]]
2020-05-16 20:01:16,589 DEBUG angular velocity: [[-0.4931232]]
2020-05-16 20:01:16,653 DEBUG angular velocity: [[-0.66528434]]
2020-05-16 20:01:16,746 DEBUG angular velocity: [[-0.7141835]]
2020-05-16 20:01:16,896 DEBUG angular velocity: [[0.05772504]]
2020-05-16 20:01:16,984 DEBUG angular velocity: [[0.72245246]]
2020-05-16 20:01:17,119 DEBUG angular velocity: [[1.368546]]
2020-05-16 20:01:17,231 DEBUG angular velocity: [[0.41184735]]
2020-05-16 20:01:17,327 DEBUG angular velocity: [[-0.69867754]]
2020-05-16 20:01:17,458 DEBUG angular velocity: [[-0.4870885]]
2020-05-16 20:01:17,582 DEBUG angular velocity: [[-0.30464357]]
2020-05-16 20:01:17,666 DEBUG angular velocity: [[-0.37790164]]
2020-05-16 20:01:17,767 DEBUG angular velocity: [[-0.492916]]
2020-05-16 20:01:17,891 DEBUG angular velocity: [[-0.44740015]]
2020-05-16 20:01:18,007 DEBUG angular velocity: [[-0.4293814]]
2020-05-16 20:01:18,135 DEBUG angular velocity: [[-0.28709364]]
2020-05-16 20:01:18,259 DEBUG angular velocity: [[-0.17697158]]
2020-05-16 20:01:18,391 DEBUG angular velocity: [[-0.17896563]]
2020-05-16 20:01:18,553 DEBUG angular velocity: [[-0.2918492]]
2020-05-16 20:01:18,619 DEBUG angular velocity: [[-0.27301213]]
2020-05-16 20:01:18,738 DEBUG angular velocity: [[-0.38352135]]
2020-05-16 20:01:18,847 DEBUG angular velocity: [[-0.49633488]]
2020-05-16 20:01:18,966 DEBUG angular velocity: [[-0.36982325]]
2020-05-16 20:01:19,095 DEBUG angular velocity: [[-0.46265703]]
2020-05-16 20:01:19,152 DEBUG angular velocity: [[-0.27386895]]
2020-05-16 20:01:19,305 DEBUG angular velocity: [[-0.3227114]]
2020-05-16 20:01:19,444 DEBUG angular velocity: [[-0.48067838]]
2020-05-16 20:01:19,588 DEBUG angular velocity: [[-0.15338415]]
2020-05-16 20:01:19,707 DEBUG angular velocity: [[-0.19828233]]
2020-05-16 20:01:19,832 DEBUG angular velocity: [[-0.21327944]]
2020-05-16 20:01:19,958 DEBUG angular velocity: [[-0.26357225]]
2020-05-16 20:01:20,140 DEBUG angular velocity: [[-0.2615956]]
2020-05-16 20:01:20,259 DEBUG angular velocity: [[-0.20660387]]
2020-05-16 20:01:20,362 DEBUG angular velocity: [[-0.06061399]]
2020-05-16 20:01:20,470 DEBUG angular velocity: [[-0.16904198]]
2020-05-16 20:01:20,613 DEBUG angular velocity: [[-0.11709794]]
2020-05-16 20:01:20,759 DEBUG angular velocity: [[-0.09729918]]
2020-05-16 20:01:20,868 DEBUG angular velocity: [[-0.30087557]]
2020-05-16 20:01:21,025 DEBUG angular velocity: [[-0.26552695]]
2020-05-16 20:01:21,151 DEBUG angular velocity: [[-0.3034726]]
2020-05-16 20:01:21,293 DEBUG angular velocity: [[-0.32353637]]
2020-05-16 20:01:21,400 DEBUG angular velocity: [[-0.26862854]]
2020-05-16 20:01:21,543 DEBUG angular velocity: [[-0.26856184]]
2020-05-16 20:01:21,625 DEBUG angular velocity: [[-0.2488917]]
2020-05-16 20:01:21,792 DEBUG angular velocity: [[-0.27210084]]
2020-05-16 20:01:21,948 DEBUG angular velocity: [[-0.2726442]]
2020-05-16 20:01:22,099 DEBUG angular velocity: [[-0.33604366]]
2020-05-16 20:01:22,235 DEBUG angular velocity: [[-0.27140993]]
2020-05-16 20:01:22,382 DEBUG angular velocity: [[-0.3278461]]
2020-05-16 20:01:22,559 DEBUG angular velocity: [[-0.28818128]]
2020-05-16 20:01:22,698 DEBUG angular velocity: [[-0.37314203]]
2020-05-16 20:01:22,849 DEBUG angular velocity: [[-0.40028113]]
2020-05-16 20:01:23,051 DEBUG angular velocity: [[-0.39275336]]
2020-05-16 20:01:23,177 DEBUG angular velocity: [[-0.4677366]]
2020-05-16 20:01:23,302 DEBUG angular velocity: [[-0.42875168]]
2020-05-16 20:01:23,461 DEBUG angular velocity: [[-0.4461229]]
2020-05-16 20:01:23,641 DEBUG angular velocity: [[-0.4199127]]
2020-05-16 20:01:23,736 DEBUG angular velocity: [[-0.41444814]]
2020-05-16 20:01:23,888 DEBUG angular velocity: [[-0.52664614]]
2020-05-16 20:01:24,032 DEBUG angular velocity: [[-0.5578499]]
2020-05-16 20:01:24,170 DEBUG angular velocity: [[-0.70651776]]
2020-05-16 20:01:24,310 DEBUG angular velocity: [[-0.6380982]]
2020-05-16 20:01:24,448 DEBUG angular velocity: [[-0.67538446]]
2020-05-16 20:01:24,572 DEBUG angular velocity: [[-0.19115347]]
2020-05-16 20:01:24,730 DEBUG angular velocity: [[-0.10752758]]
2020-05-16 20:01:24,871 DEBUG angular velocity: [[-0.37050083]]
2020-05-16 20:01:24,955 DEBUG angular velocity: [[-0.39443976]]
2020-05-16 20:01:25,121 DEBUG angular velocity: [[-0.5203692]]
2020-05-16 20:01:25,244 DEBUG angular velocity: [[-0.8580858]]
2020-05-16 20:01:25,382 DEBUG angular velocity: [[-0.93357396]]
2020-05-16 20:01:25,485 DEBUG angular velocity: [[-0.504194]]
2020-05-16 20:01:25,610 DEBUG angular velocity: [[0.642054]]
2020-05-16 20:01:25,716 DEBUG angular velocity: [[1.1917977]]
2020-05-16 20:01:25,823 DEBUG angular velocity: [[1.153659]]
2020-05-16 20:01:25,983 DEBUG angular velocity: [[-0.09299722]]
2020-05-16 20:01:26,090 DEBUG angular velocity: [[-0.94005674]]
2020-05-16 20:01:26,187 DEBUG angular velocity: [[-0.5900817]]
2020-05-16 20:01:26,324 DEBUG angular velocity: [[-0.716707]]
2020-05-16 20:01:26,426 DEBUG angular velocity: [[-0.75152427]]
2020-05-16 20:01:26,527 DEBUG angular velocity: [[-0.52848023]]
2020-05-16 20:01:26,556 INFO Robot stop
2020-05-22 14:42:29,707 INFO Robot start moving /thymio10
2020-05-22 14:43:03,103 INFO Blind spot found, angular correction 1
2020-05-22 14:43:03,199 INFO Blind spot found, angular correction 1
2020-05-22 14:43:04,212 INFO Blind spot found, angular correction 1
2020-05-22 14:43:04,313 INFO Blind spot found, angular correction 1
2020-05-22 14:43:06,107 INFO Blind spot found, angular correction 1
2020-05-22 14:43:47,045 INFO Blind spot found, angular correction 1
2020-05-22 14:43:47,552 INFO Blind spot found, angular correction 1
2020-05-22 14:43:47,647 INFO Blind spot found, angular correction 1
2020-05-22 14:43:48,874 INFO Blind spot found, angular correction 1
2020-05-22 14:43:48,974 INFO Blind spot found, angular correction 1
2020-05-22 14:43:49,986 INFO Blind spot found, angular correction 1
2020-05-22 14:43:50,094 INFO Blind spot found, angular correction 1
2020-05-22 14:43:51,325 INFO Blind spot found, angular correction 1
2020-05-22 14:45:08,909 INFO Blind spot found, angular correction 1
2020-05-22 14:45:09,007 INFO Blind spot found, angular correction 1
2020-05-22 14:45:09,813 INFO Blind spot found, angular correction 1
2020-05-22 14:45:09,923 INFO Blind spot found, angular correction 1
2020-05-22 14:45:10,929 INFO Blind spot found, angular correction 1
2020-05-22 14:45:11,029 INFO Blind spot found, angular correction 1
2020-05-22 14:45:12,455 INFO Blind spot found, angular correction 1
2020-05-22 14:45:12,558 INFO Blind spot found, angular correction 1
2020-05-22 14:45:13,498 INFO Blind spot found, angular correction 1
2020-05-22 14:45:13,597 INFO Blind spot found, angular correction 1
2020-05-22 14:45:15,140 INFO Blind spot found, angular correction 1
2020-05-22 14:45:15,747 INFO Blind spot found, angular correction 1
2020-05-22 14:45:15,845 INFO Blind spot found, angular correction 1
2020-05-22 14:45:17,163 INFO Blind spot found, angular correction 1
2020-05-22 14:45:17,272 INFO Blind spot found, angular correction 1
2020-05-22 14:45:48,437 INFO Blind spot found, angular correction 1
2020-05-22 14:45:49,251 INFO Blind spot found, angular correction 1
2020-05-22 14:45:50,362 INFO Blind spot found, angular correction 1
2020-05-22 14:45:51,275 INFO Blind spot found, angular correction 1
2020-05-22 14:45:52,228 INFO Blind spot found, angular correction 1
2020-05-22 14:45:53,259 INFO Blind spot found, angular correction 1
2020-05-22 14:46:34,921 INFO Blind spot found, angular correction 1
2020-05-22 14:47:37,835 INFO Blind spot found, angular correction 1
2020-05-22 14:47:39,568 INFO Blind spot found, angular correction 1
2020-05-22 14:47:41,053 INFO Blind spot found, angular correction 1
2020-05-22 14:49:07,090 INFO Blind spot found, angular correction 1
2020-05-22 14:49:07,191 INFO Blind spot found, angular correction 1
2020-05-22 14:50:15,508 INFO Blind spot found, angular correction 1
2020-05-22 14:50:15,608 INFO Blind spot found, angular correction 1
2020-05-22 14:53:02,850 INFO Blind spot found, angular correction 1
2020-05-22 14:53:02,945 INFO Blind spot found, angular correction 1
2020-05-22 14:53:04,395 INFO Blind spot found, angular correction 1
2020-05-22 14:53:04,498 INFO Blind spot found, angular correction 1
2020-05-22 14:53:06,423 INFO Blind spot found, angular correction 1
2020-05-22 14:53:06,526 INFO Blind spot found, angular correction 1
2020-05-22 14:55:30,144 INFO Robot stop
2020-05-22 14:57:25,991 INFO Robot start moving /thymio10
2020-05-22 14:57:52,584 INFO Robot stop
2020-05-22 15:42:37,041 INFO Robot start moving /thymio10
2020-05-22 15:42:55,647 INFO Blind spot found, angular correction 1
2020-05-22 15:42:56,165 INFO Blind spot found, angular correction 1
2020-05-22 15:42:56,263 INFO Blind spot found, angular correction 1
2020-05-22 15:42:56,870 INFO Blind spot found, angular correction 1
2020-05-22 15:42:57,809 INFO Blind spot found, angular correction 1
2020-05-22 15:42:57,911 INFO Blind spot found, angular correction 1
2020-05-22 15:42:59,053 INFO Blind spot found, angular correction 1
2020-05-22 15:42:59,152 INFO Blind spot found, angular correction 1
2020-05-22 15:43:00,695 INFO Blind spot found, angular correction 1
2020-05-22 15:43:01,409 INFO Blind spot found, angular correction 1
2020-05-22 15:44:48,118 INFO Robot stop
2020-05-22 15:48:55,529 INFO Robot start moving /thymio10
2020-05-22 15:49:21,640 INFO Robot stop
2020-05-22 15:51:26,323 INFO Robot start moving /thymio10
2020-05-22 15:53:13,845 INFO Robot stop
2020-05-22 15:53:34,596 INFO Robot start moving /thymio10
2020-05-22 15:54:10,536 INFO Robot stop
2020-05-22 15:59:11,604 INFO Robot start moving /thymio10
2020-05-22 15:59:44,757 INFO Robot stop
2020-05-22 16:00:25,768 INFO Robot start moving /thymio10
2020-05-22 16:04:29,605 INFO Blind spot found, angular correction -1
2020-05-22 16:04:29,708 INFO Blind spot found, angular correction -1
2020-05-22 16:04:29,815 INFO Blind spot found, angular correction -1
2020-05-22 16:04:29,918 INFO Blind spot found, angular correction -1
2020-05-22 16:04:30,014 INFO Blind spot found, angular correction -1
2020-05-22 16:04:30,117 INFO Blind spot found, angular correction -1
2020-05-22 16:04:30,227 INFO Blind spot found, angular correction -1
2020-05-22 16:04:30,328 INFO Blind spot found, angular correction -1
2020-05-22 16:04:30,429 INFO Blind spot found, angular correction -1
2020-05-22 16:04:30,531 INFO Blind spot found, angular correction -1
2020-05-22 16:04:30,634 INFO Blind spot found, angular correction -1
2020-05-22 16:04:30,737 INFO Blind spot found, angular correction -1
2020-05-22 16:04:30,855 INFO Blind spot found, angular correction -1
2020-05-22 16:04:30,949 INFO Blind spot found, angular correction -1
2020-05-22 16:04:31,046 INFO Blind spot found, angular correction -1
2020-05-22 16:04:31,155 INFO Blind spot found, angular correction -1
2020-05-22 16:04:31,262 INFO Blind spot found, angular correction -1
2020-05-22 16:04:31,359 INFO Blind spot found, angular correction -1
2020-05-22 16:04:31,463 INFO Blind spot found, angular correction -1
2020-05-22 16:04:31,564 INFO Blind spot found, angular correction -1
2020-05-22 16:04:31,663 INFO Blind spot found, angular correction -1
2020-05-22 16:04:31,763 INFO Blind spot found, angular correction -1
2020-05-22 16:04:31,868 INFO Blind spot found, angular correction -1
2020-05-22 16:04:31,966 INFO Blind spot found, angular correction -1
2020-05-22 16:04:32,070 INFO Blind spot found, angular correction -1
2020-05-22 16:04:32,174 INFO Blind spot found, angular correction -1
2020-05-22 16:04:32,276 INFO Blind spot found, angular correction -1
2020-05-22 16:04:32,374 INFO Blind spot found, angular correction -1
2020-05-22 16:04:32,482 INFO Blind spot found, angular correction -1
2020-05-22 16:04:32,584 INFO Blind spot found, angular correction -1
2020-05-22 16:04:32,681 INFO Blind spot found, angular correction -1
2020-05-22 16:04:32,785 INFO Blind spot found, angular correction -1
2020-05-22 16:04:32,894 INFO Blind spot found, angular correction -1
2020-05-22 16:04:32,989 INFO Blind spot found, angular correction -1
2020-05-22 16:04:33,088 INFO Blind spot found, angular correction -1
2020-05-22 16:04:33,192 INFO Blind spot found, angular correction -1
2020-05-22 16:04:33,290 INFO Blind spot found, angular correction -1
2020-05-22 16:04:33,388 INFO Blind spot found, angular correction -1
2020-05-22 16:04:33,498 INFO Blind spot found, angular correction -1
2020-05-22 16:04:33,603 INFO Blind spot found, angular correction -1
2020-05-22 16:04:33,700 INFO Blind spot found, angular correction -1
2020-05-22 16:04:33,799 INFO Blind spot found, angular correction -1
2020-05-22 16:04:33,910 INFO Blind spot found, angular correction -1
2020-05-22 16:04:34,009 INFO Blind spot found, angular correction -1
2020-05-22 16:04:34,108 INFO Blind spot found, angular correction -1
2020-05-22 16:04:34,214 INFO Blind spot found, angular correction -1
2020-05-22 16:04:34,312 INFO Blind spot found, angular correction -1
2020-05-22 16:04:34,412 INFO Blind spot found, angular correction -1
2020-05-22 16:04:34,516 INFO Blind spot found, angular correction -1
2020-05-22 16:04:34,621 INFO Blind spot found, angular correction -1
2020-05-22 16:04:34,723 INFO Blind spot found, angular correction -1
2020-05-22 16:04:34,820 INFO Blind spot found, angular correction -1
2020-05-22 16:04:34,933 INFO Blind spot found, angular correction -1
2020-05-22 16:04:35,030 INFO Blind spot found, angular correction -1
2020-05-22 16:04:35,126 INFO Blind spot found, angular correction -1
2020-05-22 16:04:35,228 INFO Blind spot found, angular correction -1
2020-05-22 16:04:35,325 INFO Blind spot found, angular correction -1
2020-05-22 16:04:35,423 INFO Blind spot found, angular correction -1
2020-05-22 16:04:35,525 INFO Blind spot found, angular correction -1
2020-05-22 16:04:35,628 INFO Blind spot found, angular correction -1
2020-05-22 16:04:41,028 INFO Blind spot found, angular correction -1
2020-05-22 16:04:41,130 INFO Blind spot found, angular correction -1
2020-05-22 16:04:41,230 INFO Blind spot found, angular correction -1
2020-05-22 16:04:41,336 INFO Blind spot found, angular correction -1
2020-05-22 16:04:41,437 INFO Blind spot found, angular correction -1
2020-05-22 16:04:41,535 INFO Blind spot found, angular correction -1
2020-05-22 16:04:41,648 INFO Blind spot found, angular correction -1
2020-05-22 16:04:41,743 INFO Blind spot found, angular correction -1
2020-05-22 16:04:41,841 INFO Blind spot found, angular correction -1
2020-05-22 16:04:41,945 INFO Blind spot found, angular correction -1
2020-05-22 16:04:42,048 INFO Blind spot found, angular correction -1
2020-05-22 16:04:42,148 INFO Blind spot found, angular correction -1
2020-05-22 16:04:42,251 INFO Blind spot found, angular correction -1
2020-05-22 16:04:42,355 INFO Blind spot found, angular correction -1
2020-05-22 16:04:42,460 INFO Blind spot found, angular correction -1
2020-05-22 16:04:42,556 INFO Blind spot found, angular correction -1
2020-05-22 16:04:42,656 INFO Blind spot found, angular correction -1
2020-05-22 16:04:42,762 INFO Blind spot found, angular correction -1
2020-05-22 16:04:42,874 INFO Blind spot found, angular correction -1
2020-05-22 16:04:42,971 INFO Blind spot found, angular correction -1
2020-05-22 16:04:43,071 INFO Blind spot found, angular correction -1
2020-05-22 16:04:43,176 INFO Blind spot found, angular correction -1
2020-05-22 16:04:43,274 INFO Blind spot found, angular correction -1
2020-05-22 16:04:43,377 INFO Blind spot found, angular correction -1
2020-05-22 16:04:43,474 INFO Blind spot found, angular correction -1
2020-05-22 16:04:52,476 INFO Blind spot found, angular correction -1
2020-05-22 16:04:52,576 INFO Blind spot found, angular correction -1
2020-05-22 16:04:52,688 INFO Blind spot found, angular correction -1
2020-05-22 16:04:52,800 INFO Blind spot found, angular correction -1
2020-05-22 16:04:52,895 INFO Blind spot found, angular correction -1
2020-05-22 16:04:52,995 INFO Blind spot found, angular correction -1
2020-05-22 16:04:53,104 INFO Blind spot found, angular correction -1
2020-05-22 16:04:53,206 INFO Blind spot found, angular correction -1
2020-05-22 16:04:53,298 INFO Blind spot found, angular correction -1
2020-05-22 16:04:53,401 INFO Blind spot found, angular correction -1
2020-05-22 16:04:53,501 INFO Blind spot found, angular correction -1
2020-05-22 16:04:53,597 INFO Blind spot found, angular correction -1
2020-05-22 16:04:53,698 INFO Blind spot found, angular correction -1
2020-05-22 16:04:53,806 INFO Blind spot found, angular correction -1
2020-05-22 16:04:53,907 INFO Blind spot found, angular correction -1
2020-05-22 16:04:54,005 INFO Blind spot found, angular correction -1
2020-05-22 16:04:54,111 INFO Blind spot found, angular correction -1
2020-05-22 16:04:54,214 INFO Blind spot found, angular correction -1
2020-05-22 16:04:54,321 INFO Blind spot found, angular correction -1
2020-05-22 16:04:54,425 INFO Blind spot found, angular correction -1
2020-05-22 16:04:54,526 INFO Blind spot found, angular correction -1
2020-05-22 16:04:54,624 INFO Blind spot found, angular correction -1
2020-05-22 16:04:54,722 INFO Blind spot found, angular correction -1
2020-05-22 16:04:54,827 INFO Blind spot found, angular correction -1
2020-05-22 16:04:54,925 INFO Blind spot found, angular correction -1
2020-05-22 16:04:55,023 INFO Blind spot found, angular correction -1
2020-05-22 16:04:55,124 INFO Blind spot found, angular correction -1
2020-05-22 16:04:55,228 INFO Blind spot found, angular correction -1
2020-05-22 16:04:55,325 INFO Blind spot found, angular correction -1
2020-05-22 16:04:55,428 INFO Blind spot found, angular correction -1
2020-05-22 16:04:55,539 INFO Blind spot found, angular correction -1
2020-05-22 16:04:55,634 INFO Blind spot found, angular correction -1
2020-05-22 16:04:55,733 INFO Blind spot found, angular correction -1
2020-05-22 16:04:55,838 INFO Blind spot found, angular correction -1
2020-05-22 16:04:55,936 INFO Blind spot found, angular correction -1
2020-05-22 16:04:56,039 INFO Blind spot found, angular correction -1
2020-05-22 16:04:56,143 INFO Blind spot found, angular correction -1
2020-05-22 16:04:56,241 INFO Blind spot found, angular correction -1
2020-05-22 16:04:56,339 INFO Blind spot found, angular correction -1
2020-05-22 16:04:56,443 INFO Blind spot found, angular correction -1
2020-05-22 16:04:56,545 INFO Blind spot found, angular correction -1
2020-05-22 16:04:56,643 INFO Blind spot found, angular correction -1
2020-05-22 16:04:56,743 INFO Blind spot found, angular correction -1
2020-05-22 16:04:56,859 INFO Blind spot found, angular correction -1
2020-05-22 16:04:56,955 INFO Blind spot found, angular correction -1
2020-05-22 16:04:57,059 INFO Blind spot found, angular correction -1
2020-05-22 16:04:57,156 INFO Blind spot found, angular correction -1
2020-05-22 16:04:57,257 INFO Blind spot found, angular correction -1
2020-05-22 16:04:57,358 INFO Blind spot found, angular correction -1
2020-05-22 16:04:57,455 INFO Blind spot found, angular correction -1
2020-05-22 16:04:57,559 INFO Blind spot found, angular correction -1
2020-05-22 16:04:57,658 INFO Blind spot found, angular correction -1
2020-05-22 16:04:57,760 INFO Blind spot found, angular correction -1
2020-05-22 16:04:57,863 INFO Blind spot found, angular correction -1
2020-05-22 16:04:57,968 INFO Blind spot found, angular correction -1
2020-05-22 16:04:58,062 INFO Blind spot found, angular correction -1
2020-05-22 16:04:58,167 INFO Blind spot found, angular correction -1
2020-05-22 16:04:58,277 INFO Blind spot found, angular correction -1
2020-05-22 16:04:58,371 INFO Blind spot found, angular correction -1
2020-05-22 16:04:58,474 INFO Blind spot found, angular correction -1
2020-05-22 16:04:58,577 INFO Blind spot found, angular correction -1
2020-05-22 16:04:58,675 INFO Blind spot found, angular correction -1
2020-05-22 16:04:58,778 INFO Blind spot found, angular correction -1
2020-05-22 16:11:09,554 INFO Robot stop
2020-05-22 16:12:10,813 INFO Robot start moving /thymio10
2020-05-22 17:15:03,850 INFO Robot stop
2020-05-22 17:27:23,492 INFO Robot start moving /thymio10
2020-05-22 17:27:23,924 INFO Robot stop
2020-05-22 17:30:13,718 INFO Robot start moving /thymio10
2020-05-22 17:31:39,701 INFO Robot stop
2020-05-22 17:32:04,274 INFO Robot start moving /thymio10
2020-05-22 17:32:15,832 INFO Robot stop
2020-05-22 17:32:36,130 INFO Robot start moving /thymio10
2020-05-22 17:36:12,750 INFO Robot stop
2020-05-22 17:40:28,613 INFO Robot start moving /thymio10
2020-05-22 17:40:36,773 INFO Robot stop
2020-05-22 17:41:04,001 INFO Robot start moving /thymio10
2020-05-22 17:41:23,190 INFO Robot stop
2020-05-22 17:56:55,941 INFO Robot start moving /thymio10
2020-05-22 17:59:03,976 INFO Robot stop
2020-05-22 17:59:35,623 INFO Robot start moving /thymio10
2020-05-22 17:59:41,740 INFO Robot stop
2020-05-22 18:00:28,439 INFO Robot start moving /thymio10
2020-05-22 18:00:29,841 INFO Blind spot found, angular correction 1
2020-05-22 18:00:29,946 INFO Blind spot found, angular correction 1
2020-05-22 18:00:30,050 INFO Blind spot found, angular correction 1
2020-05-22 18:00:30,148 INFO Blind spot found, angular correction 1
2020-05-22 18:00:30,252 INFO Blind spot found, angular correction 1
2020-05-22 18:00:30,353 INFO Blind spot found, angular correction 1
2020-05-22 18:00:30,457 INFO Blind spot found, angular correction 1
2020-05-22 18:00:30,556 INFO Blind spot found, angular correction 1
2020-05-22 18:00:30,655 INFO Blind spot found, angular correction 1
2020-05-22 18:00:30,763 INFO Blind spot found, angular correction 1
2020-05-22 18:00:30,864 INFO Blind spot found, angular correction 1
2020-05-22 18:00:30,975 INFO Blind spot found, angular correction 1
2020-05-22 18:00:31,078 INFO Blind spot found, angular correction 1
2020-05-22 18:00:31,184 INFO Blind spot found, angular correction 1
2020-05-22 18:00:31,285 INFO Blind spot found, angular correction 1
2020-05-22 18:00:31,385 INFO Blind spot found, angular correction 1
2020-05-22 18:00:31,484 INFO Blind spot found, angular correction 1
2020-05-22 18:00:31,589 INFO Blind spot found, angular correction 1
2020-05-22 18:00:31,691 INFO Blind spot found, angular correction 1
2020-05-22 18:00:31,794 INFO Blind spot found, angular correction 1
2020-05-22 18:00:31,889 INFO Blind spot found, angular correction 1
2020-05-22 18:00:31,989 INFO Blind spot found, angular correction 1
2020-05-22 18:00:32,092 INFO Blind spot found, angular correction 1
2020-05-22 18:00:32,204 INFO Blind spot found, angular correction 1
2020-05-22 18:00:32,305 INFO Blind spot found, angular correction 1
2020-05-22 18:00:32,405 INFO Blind spot found, angular correction 1
2020-05-22 18:00:32,522 INFO Blind spot found, angular correction 1
2020-05-22 18:00:32,622 INFO Blind spot found, angular correction 1
2020-05-22 18:00:32,651 INFO Robot stop
2020-05-22 18:01:09,132 INFO Robot start moving /thymio10
2020-05-22 18:01:11,924 INFO Blind spot found, angular correction 1
2020-05-22 18:01:12,028 INFO Blind spot found, angular correction 1
2020-05-22 18:01:12,130 INFO Blind spot found, angular correction 1
2020-05-22 18:01:12,233 INFO Blind spot found, angular correction 1
2020-05-22 18:01:44,506 INFO Blind spot found, angular correction 1
2020-05-22 18:01:44,619 INFO Blind spot found, angular correction 1
2020-05-22 18:01:57,401 INFO Robot stop
2020-05-22 18:04:12,855 INFO Robot start moving /thymio10
2020-05-22 18:04:46,393 INFO Blind spot found, angular correction 1
2020-05-22 18:04:46,494 INFO Blind spot found, angular correction 1
2020-05-22 18:04:46,593 INFO Blind spot found, angular correction 1
2020-05-22 18:04:46,695 INFO Blind spot found, angular correction 1
2020-05-22 18:05:05,275 INFO Blind spot found, angular correction 1
2020-05-22 18:05:05,374 INFO Blind spot found, angular correction 1
2020-05-22 18:05:05,476 INFO Blind spot found, angular correction 1
2020-05-22 18:05:05,685 INFO Blind spot found, angular correction 1
2020-05-22 18:05:05,894 INFO Blind spot found, angular correction 1
2020-05-22 18:05:05,992 INFO Blind spot found, angular correction 1
2020-05-22 18:05:06,098 INFO Blind spot found, angular correction 1
2020-05-22 18:05:11,972 INFO Robot stop
2020-05-22 18:05:59,351 INFO Robot start moving /thymio10
2020-05-22 18:06:06,970 INFO Blind spot found, angular correction -1
2020-05-22 18:06:07,073 INFO Blind spot found, angular correction -1
2020-05-22 18:06:16,127 INFO Robot stop
2020-05-22 18:07:41,627 INFO Robot start moving /thymio10
2020-05-22 18:07:54,582 INFO Blind spot found, angular correction -1
2020-05-22 18:07:54,687 INFO Blind spot found, angular correction -1
2020-05-22 18:07:54,784 INFO Blind spot found, angular correction -1
2020-05-22 18:08:01,968 INFO Robot stop
2020-05-22 18:11:16,653 INFO Robot start moving /thymio10
2020-05-22 18:13:50,309 INFO Blind spot found, angular correction -1
2020-05-22 18:14:34,749 INFO Blind spot found, angular correction -1
2020-05-22 18:14:34,843 INFO Blind spot found, angular correction -1
2020-05-22 18:14:35,558 INFO Blind spot found, angular correction -1
2020-05-22 18:14:35,659 INFO Blind spot found, angular correction -1
2020-05-22 18:15:13,010 INFO Blind spot found, angular correction -1
2020-05-22 18:15:13,113 INFO Blind spot found, angular correction -1
2020-05-22 18:15:14,673 INFO Blind spot found, angular correction -1
2020-05-22 18:15:14,777 INFO Blind spot found, angular correction -1
2020-05-22 18:15:34,747 INFO Robot stop
2020-05-22 18:17:26,932 INFO Robot start moving /thymio10
2020-05-22 18:18:04,972 INFO Blind spot found, angular correction -1
2020-05-22 18:18:28,480 INFO Blind spot found, angular correction -1
2020-05-22 18:19:13,364 INFO Blind spot found, angular correction 1
2020-05-22 18:19:13,459 INFO Blind spot found, angular correction 1
2020-05-22 18:19:13,555 INFO Blind spot found, angular correction 1
2020-05-22 18:19:13,658 INFO Blind spot found, angular correction 1
2020-05-22 18:19:13,755 INFO Blind spot found, angular correction 1
2020-05-22 18:19:13,854 INFO Blind spot found, angular correction 1
2020-05-22 18:19:13,967 INFO Blind spot found, angular correction 1
2020-05-22 18:20:44,519 INFO Blind spot found, angular correction 1
2020-05-22 18:20:44,617 INFO Blind spot found, angular correction 1
2020-05-22 18:20:44,719 INFO Blind spot found, angular correction 1
2020-05-22 18:20:44,815 INFO Blind spot found, angular correction 1
2020-05-22 18:20:44,922 INFO Blind spot found, angular correction 1
2020-05-22 18:21:08,547 INFO Blind spot found, angular correction -1
2020-05-22 18:21:08,652 INFO Blind spot found, angular correction -1
2020-05-22 18:21:51,512 INFO Blind spot found, angular correction -1
2020-05-22 18:21:51,624 INFO Blind spot found, angular correction -1
2020-05-22 18:22:09,228 INFO Robot stop
2020-05-22 18:22:33,506 INFO Robot start moving /thymio10
2020-05-22 18:22:48,593 INFO Blind spot found, angular correction -1
2020-05-22 18:22:48,694 INFO Blind spot found, angular correction -1
2020-05-22 18:22:50,110 INFO Blind spot found, angular correction -1
2020-05-22 18:22:50,216 INFO Blind spot found, angular correction -1
2020-05-22 18:23:22,428 INFO Blind spot found, angular correction -1
2020-05-22 18:23:22,524 INFO Blind spot found, angular correction -1
2020-05-22 18:23:55,009 INFO Blind spot found, angular correction 1
2020-05-22 18:23:55,110 INFO Blind spot found, angular correction 1
2020-05-22 18:23:55,208 INFO Blind spot found, angular correction 1
2020-05-22 18:23:55,309 INFO Blind spot found, angular correction 1
2020-05-22 18:24:04,344 INFO Robot stop
2020-05-22 18:24:17,385 INFO Robot start moving /thymio10
2020-05-22 18:24:30,831 INFO Blind spot found, angular correction -1
2020-05-22 18:24:30,924 INFO Blind spot found, angular correction -1
2020-05-22 18:24:31,751 INFO Blind spot found, angular correction -1
2020-05-22 18:24:31,863 INFO Blind spot found, angular correction -1
2020-05-22 18:25:15,174 INFO Blind spot found, angular correction -1
2020-05-22 18:26:20,680 INFO Blind spot found, angular correction -1
2020-05-22 18:26:21,507 INFO Blind spot found, angular correction -1
2020-05-22 18:26:21,606 INFO Blind spot found, angular correction -1
2020-05-22 18:26:24,782 INFO Robot stop
2020-05-22 18:27:04,571 INFO Robot start moving /thymio10
2020-05-22 18:27:42,037 INFO Robot stop
2020-05-22 18:27:56,361 INFO Robot start moving /thymio10
2020-05-22 18:29:36,175 INFO Blind spot found, angular correction -1
2020-05-22 18:29:36,276 INFO Blind spot found, angular correction -1
2020-05-22 18:30:06,867 INFO Blind spot found, angular correction -1
2020-05-22 18:30:06,968 INFO Blind spot found, angular correction -1
2020-05-22 18:30:07,872 INFO Blind spot found, angular correction -1
2020-05-22 18:30:07,978 INFO Blind spot found, angular correction -1
2020-05-22 18:30:08,083 INFO Blind spot found, angular correction -1
2020-05-22 18:30:19,492 INFO Robot stop
2020-05-22 18:30:36,228 INFO Robot start moving /thymio10
2020-05-22 18:32:12,141 INFO Blind spot found, angular correction -1
2020-05-22 18:32:12,241 INFO Blind spot found, angular correction -1
2020-05-22 18:32:32,933 INFO Blind spot found, angular correction -1
2020-05-22 18:32:33,033 INFO Blind spot found, angular correction -1
2020-05-22 18:32:36,893 INFO Blind spot found, angular correction -1
2020-05-22 18:32:36,994 INFO Blind spot found, angular correction -1
2020-05-22 18:33:21,785 INFO Robot stop
2020-05-22 18:33:59,087 INFO Robot start moving /thymio10
2020-05-22 18:34:40,088 INFO Blind spot found, angular correction -1
2020-05-22 18:34:40,184 INFO Blind spot found, angular correction -1
2020-05-22 18:34:40,294 INFO Blind spot found, angular correction -1
2020-05-22 18:34:40,398 INFO Blind spot found, angular correction -1
2020-05-22 18:34:41,105 INFO Blind spot found, angular correction -1
2020-05-22 18:34:41,204 INFO Blind spot found, angular correction -1
2020-05-22 18:34:41,311 INFO Blind spot found, angular correction -1
2020-05-22 18:34:55,174 INFO Blind spot found, angular correction -1
2020-05-22 18:34:55,268 INFO Blind spot found, angular correction -1
2020-05-22 18:34:55,365 INFO Blind spot found, angular correction -1
2020-05-22 18:34:55,465 INFO Blind spot found, angular correction -1
2020-05-22 18:34:55,572 INFO Blind spot found, angular correction -1
2020-05-22 18:34:55,671 INFO Blind spot found, angular correction -1
2020-05-22 18:34:57,915 INFO Blind spot found, angular correction -1
2020-05-22 18:34:58,014 INFO Blind spot found, angular correction -1
2020-05-22 18:34:58,929 INFO Blind spot found, angular correction -1
2020-05-22 18:34:59,033 INFO Blind spot found, angular correction -1
2020-05-22 18:35:00,345 INFO Blind spot found, angular correction -1
2020-05-22 18:35:00,448 INFO Blind spot found, angular correction -1
2020-05-22 18:35:01,979 INFO Blind spot found, angular correction -1
2020-05-22 18:35:02,078 INFO Blind spot found, angular correction -1
2020-05-22 18:35:02,832 INFO Robot stop
2020-05-22 18:37:05,810 INFO Robot start moving /thymio10
2020-05-22 18:37:15,759 INFO Robot stop
2020-05-22 18:49:34,094 INFO Robot start moving /thymio10
2020-05-22 18:51:18,920 INFO Blind spot found, angular correction 1
2020-05-22 18:51:19,018 INFO Blind spot found, angular correction 1
2020-05-22 18:51:19,115 INFO Blind spot found, angular correction 1
2020-05-22 18:51:19,838 INFO Blind spot found, angular correction 1
2020-05-22 18:51:19,944 INFO Blind spot found, angular correction 1
2020-05-22 18:51:20,557 INFO Blind spot found, angular correction 1
2020-05-22 18:51:20,663 INFO Blind spot found, angular correction 1
2020-05-22 18:51:20,764 INFO Blind spot found, angular correction 1
2020-05-22 18:51:22,899 INFO Blind spot found, angular correction 1
2020-05-22 18:51:24,632 INFO Blind spot found, angular correction 1
2020-05-22 18:51:24,736 INFO Blind spot found, angular correction 1
2020-05-22 18:51:26,690 INFO Blind spot found, angular correction 1
2020-05-22 18:51:26,785 INFO Blind spot found, angular correction 1
2020-05-22 18:51:26,880 INFO Blind spot found, angular correction 1
2020-05-22 18:51:28,001 INFO Blind spot found, angular correction 1
2020-05-22 18:51:29,128 INFO Blind spot found, angular correction 1
2020-05-22 18:51:29,234 INFO Blind spot found, angular correction 1
2020-05-22 18:51:30,341 INFO Blind spot found, angular correction 1
2020-05-22 18:51:30,447 INFO Blind spot found, angular correction 1
2020-05-22 18:51:30,553 INFO Blind spot found, angular correction 1
2020-05-22 18:51:31,970 INFO Blind spot found, angular correction 1
2020-05-22 18:51:32,068 INFO Blind spot found, angular correction 1
2020-05-22 18:51:32,172 INFO Blind spot found, angular correction 1
2020-05-22 18:51:32,281 INFO Blind spot found, angular correction 1
2020-05-22 18:51:37,256 INFO Blind spot found, angular correction 1
2020-05-22 18:51:39,502 INFO Blind spot found, angular correction 1
2020-05-22 18:51:39,598 INFO Blind spot found, angular correction 1
2020-05-22 18:51:49,524 INFO Blind spot found, angular correction 1
2020-05-22 18:51:49,621 INFO Blind spot found, angular correction 1
2020-05-22 18:51:52,181 INFO Blind spot found, angular correction 1
2020-05-22 18:51:52,286 INFO Blind spot found, angular correction 1
2020-05-22 18:51:53,504 INFO Blind spot found, angular correction 1
2020-05-22 18:51:53,604 INFO Blind spot found, angular correction 1
2020-05-22 18:51:53,704 INFO Blind spot found, angular correction 1
2020-05-22 18:51:54,323 INFO Blind spot found, angular correction 1
2020-05-22 18:51:55,744 INFO Blind spot found, angular correction 1
2020-05-22 18:51:55,852 INFO Blind spot found, angular correction 1
2020-05-22 18:51:59,093 INFO Blind spot found, angular correction 1
2020-05-22 18:51:59,191 INFO Blind spot found, angular correction 1
2020-05-22 18:52:10,815 INFO Blind spot found, angular correction 1
2020-05-22 18:52:15,100 INFO Blind spot found, angular correction 1
2020-05-22 18:52:15,202 INFO Blind spot found, angular correction 1
2020-05-22 18:52:20,760 INFO Blind spot found, angular correction 1
2020-05-22 18:52:20,849 INFO Blind spot found, angular correction 1
2020-05-22 18:52:21,456 INFO Blind spot found, angular correction 1
2020-05-22 18:52:21,556 INFO Blind spot found, angular correction 1
2020-05-22 18:52:22,070 INFO Blind spot found, angular correction 1
2020-05-22 18:52:22,179 INFO Blind spot found, angular correction 1
2020-05-22 18:52:22,955 INFO Robot stop
2020-05-22 18:57:07,575 INFO Robot start moving /thymio10
2020-05-22 18:57:47,842 INFO Blind spot found, angular correction 1
2020-05-22 18:57:47,950 INFO Blind spot found, angular correction 1
2020-05-22 18:57:48,474 INFO Blind spot found, angular correction 1
2020-05-22 18:57:48,578 INFO Blind spot found, angular correction 1
2020-05-22 18:57:57,778 INFO Robot stop
2020-05-22 18:59:56,577 INFO Robot start moving /thymio10
2020-05-22 19:00:43,312 INFO Blind spot found, angular correction -1
2020-05-22 19:00:43,414 INFO Blind spot found, angular correction -1
2020-05-22 19:00:43,513 INFO Blind spot found, angular correction -1
2020-05-22 19:00:43,618 INFO Blind spot found, angular correction -1
2020-05-22 19:00:43,719 INFO Blind spot found, angular correction -1
2020-05-22 19:00:43,815 INFO Blind spot found, angular correction -1
2020-05-22 19:00:43,914 INFO Blind spot found, angular correction -1
2020-05-22 19:00:44,623 INFO Blind spot found, angular correction -1
2020-05-22 19:00:44,723 INFO Blind spot found, angular correction -1
2020-05-22 19:00:44,823 INFO Blind spot found, angular correction -1
2020-05-22 19:00:44,931 INFO Blind spot found, angular correction -1
2020-05-22 19:00:45,647 INFO Blind spot found, angular correction -1
2020-05-22 19:00:45,746 INFO Blind spot found, angular correction -1
2020-05-22 19:00:45,842 INFO Blind spot found, angular correction -1
2020-05-22 19:00:45,942 INFO Blind spot found, angular correction -1
2020-05-22 19:00:46,255 INFO Blind spot found, angular correction -1
2020-05-22 19:00:46,365 INFO Blind spot found, angular correction -1
2020-05-22 19:00:46,460 INFO Blind spot found, angular correction -1
2020-05-22 19:00:46,560 INFO Blind spot found, angular correction -1
2020-05-22 19:00:47,604 INFO Blind spot found, angular correction 1
2020-05-22 19:00:47,697 INFO Blind spot found, angular correction -1
2020-05-22 19:00:47,804 INFO Blind spot found, angular correction -1
2020-05-22 19:00:47,919 INFO Blind spot found, angular correction -1
2020-05-22 19:00:48,017 INFO Blind spot found, angular correction -1
2020-05-22 19:00:48,630 INFO Blind spot found, angular correction -1
2020-05-22 19:00:48,728 INFO Blind spot found, angular correction -1
2020-05-22 19:00:48,829 INFO Blind spot found, angular correction -1
2020-05-22 19:00:49,345 INFO Blind spot found, angular correction 1
2020-05-22 19:00:49,442 INFO Blind spot found, angular correction -1
2020-05-22 19:00:49,552 INFO Blind spot found, angular correction -1
2020-05-22 19:00:49,656 INFO Blind spot found, angular correction -1
2020-05-22 19:00:49,756 INFO Blind spot found, angular correction 1
2020-05-22 19:00:49,965 INFO Blind spot found, angular correction 1
2020-05-22 19:00:50,064 INFO Blind spot found, angular correction -1
2020-05-22 19:00:50,170 INFO Blind spot found, angular correction -1
2020-05-22 19:00:50,267 INFO Blind spot found, angular correction -1
2020-05-22 19:00:50,367 INFO Blind spot found, angular correction -1
2020-05-22 19:00:50,888 INFO Blind spot found, angular correction 1
2020-05-22 19:00:50,987 INFO Blind spot found, angular correction -1
2020-05-22 19:00:51,096 INFO Blind spot found, angular correction -1
2020-05-22 19:00:51,189 INFO Blind spot found, angular correction -1
2020-05-22 19:00:51,696 INFO Blind spot found, angular correction -1
2020-05-22 19:00:51,796 INFO Blind spot found, angular correction -1
2020-05-22 19:00:51,897 INFO Blind spot found, angular correction -1
2020-05-22 19:00:52,408 INFO Blind spot found, angular correction 1
2020-05-22 19:00:52,524 INFO Blind spot found, angular correction -1
2020-05-22 19:00:52,615 INFO Blind spot found, angular correction -1
2020-05-22 19:00:52,715 INFO Blind spot found, angular correction -1
2020-05-22 19:00:52,831 INFO Blind spot found, angular correction -1
2020-05-22 19:00:53,450 INFO Blind spot found, angular correction -1
2020-05-22 19:00:53,547 INFO Blind spot found, angular correction -1
2020-05-22 19:00:53,646 INFO Blind spot found, angular correction -1
2020-05-22 19:00:54,055 INFO Blind spot found, angular correction 1
2020-05-22 19:00:54,163 INFO Blind spot found, angular correction -1
2020-05-22 19:00:54,261 INFO Blind spot found, angular correction -1
2020-05-22 19:00:54,363 INFO Blind spot found, angular correction -1
2020-05-22 19:00:54,466 INFO Blind spot found, angular correction 1
2020-05-22 19:00:54,678 INFO Blind spot found, angular correction 1
2020-05-22 19:00:54,784 INFO Blind spot found, angular correction -1
2020-05-22 19:00:54,878 INFO Blind spot found, angular correction -1
2020-05-22 19:00:54,981 INFO Blind spot found, angular correction -1
2020-05-22 19:00:55,087 INFO Blind spot found, angular correction -1
2020-05-22 19:00:55,590 INFO Blind spot found, angular correction 1
2020-05-22 19:00:55,711 INFO Blind spot found, angular correction -1
2020-05-22 19:00:55,799 INFO Blind spot found, angular correction -1
2020-05-22 19:00:55,898 INFO Blind spot found, angular correction -1
2020-05-22 19:00:56,433 INFO Blind spot found, angular correction -1
2020-05-22 19:00:56,532 INFO Blind spot found, angular correction -1
2020-05-22 19:00:56,633 INFO Blind spot found, angular correction -1
2020-05-22 19:00:57,249 INFO Blind spot found, angular correction -1
2020-05-22 19:00:57,358 INFO Blind spot found, angular correction -1
2020-05-22 19:00:57,456 INFO Blind spot found, angular correction -1
2020-05-22 19:00:57,975 INFO Blind spot found, angular correction 1
2020-05-22 19:00:58,069 INFO Blind spot found, angular correction -1
2020-05-22 19:00:58,167 INFO Blind spot found, angular correction -1
2020-05-22 19:00:58,278 INFO Blind spot found, angular correction -1
2020-05-22 19:00:58,377 INFO Blind spot found, angular correction 1
2020-05-22 19:00:58,587 INFO Blind spot found, angular correction 1
2020-05-22 19:00:58,685 INFO Blind spot found, angular correction -1
2020-05-22 19:00:58,798 INFO Blind spot found, angular correction -1
2020-05-22 19:00:58,891 INFO Blind spot found, angular correction -1
2020-05-22 19:00:58,989 INFO Blind spot found, angular correction -1
2020-05-22 19:00:59,493 INFO Blind spot found, angular correction 1
2020-05-22 19:00:59,597 INFO Blind spot found, angular correction -1
2020-05-22 19:00:59,694 INFO Blind spot found, angular correction -1
2020-05-22 19:00:59,806 INFO Blind spot found, angular correction -1
2020-05-22 19:01:00,302 INFO Blind spot found, angular correction -1
2020-05-22 19:01:00,407 INFO Blind spot found, angular correction -1
2020-05-22 19:01:00,505 INFO Blind spot found, angular correction -1
2020-05-22 19:01:01,111 INFO Blind spot found, angular correction -1
2020-05-22 19:01:01,218 INFO Blind spot found, angular correction -1
2020-05-22 19:01:01,314 INFO Blind spot found, angular correction -1
2020-05-22 19:01:01,828 INFO Blind spot found, angular correction 1
2020-05-22 19:01:01,924 INFO Blind spot found, angular correction -1
2020-05-22 19:01:02,025 INFO Blind spot found, angular correction -1
2020-05-22 19:01:02,127 INFO Blind spot found, angular correction -1
2020-05-22 19:01:02,226 INFO Blind spot found, angular correction 1
2020-05-22 19:01:02,434 INFO Blind spot found, angular correction 1
2020-05-22 19:01:02,544 INFO Blind spot found, angular correction -1
2020-05-22 19:01:02,637 INFO Blind spot found, angular correction -1
2020-05-22 19:01:02,747 INFO Blind spot found, angular correction -1
2020-05-22 19:01:02,852 INFO Blind spot found, angular correction -1
2020-05-22 19:01:03,467 INFO Blind spot found, angular correction -1
2020-05-22 19:01:03,566 INFO Blind spot found, angular correction -1
2020-05-22 19:01:03,667 INFO Blind spot found, angular correction -1
2020-05-22 19:01:04,191 INFO Blind spot found, angular correction 1
2020-05-22 19:01:04,288 INFO Blind spot found, angular correction -1
2020-05-22 19:01:04,400 INFO Blind spot found, angular correction -1
2020-05-22 19:01:04,501 INFO Blind spot found, angular correction -1
2020-05-22 19:01:04,597 INFO Blind spot found, angular correction 1
2020-05-22 19:01:04,802 INFO Blind spot found, angular correction -1
2020-05-22 19:01:04,897 INFO Blind spot found, angular correction -1
2020-05-22 19:01:04,999 INFO Blind spot found, angular correction 1
2020-05-22 19:01:05,202 INFO Blind spot found, angular correction 1
2020-05-22 19:01:05,303 INFO Blind spot found, angular correction -1
2020-05-22 19:01:05,415 INFO Blind spot found, angular correction -1
2020-05-22 19:01:05,510 INFO Blind spot found, angular correction -1
2020-05-22 19:01:05,610 INFO Blind spot found, angular correction 1
2020-05-22 19:01:05,824 INFO Blind spot found, angular correction -1
2020-05-22 19:01:05,920 INFO Blind spot found, angular correction -1
2020-05-22 19:01:06,020 INFO Blind spot found, angular correction 1
2020-05-22 19:01:06,227 INFO Blind spot found, angular correction 1
2020-05-22 19:01:06,327 INFO Blind spot found, angular correction -1
2020-05-22 19:01:06,430 INFO Blind spot found, angular correction -1
2020-05-22 19:01:06,536 INFO Blind spot found, angular correction -1
2020-05-22 19:01:06,635 INFO Blind spot found, angular correction -1
2020-05-22 19:01:07,247 INFO Blind spot found, angular correction -1
2020-05-22 19:01:07,345 INFO Blind spot found, angular correction -1
2020-05-22 19:01:07,452 INFO Blind spot found, angular correction -1
2020-05-22 19:01:07,958 INFO Blind spot found, angular correction 1
2020-05-22 19:01:08,065 INFO Blind spot found, angular correction -1
2020-05-22 19:01:08,165 INFO Blind spot found, angular correction -1
2020-05-22 19:01:08,262 INFO Blind spot found, angular correction -1
2020-05-22 19:01:08,360 INFO Blind spot found, angular correction 1
2020-05-22 19:01:08,564 INFO Blind spot found, angular correction -1
2020-05-22 19:01:08,665 INFO Blind spot found, angular correction -1
2020-05-22 19:01:08,769 INFO Blind spot found, angular correction 1
2020-05-22 19:01:08,972 INFO Blind spot found, angular correction 1
2020-05-22 19:01:09,074 INFO Blind spot found, angular correction -1
2020-05-22 19:01:09,176 INFO Blind spot found, angular correction -1
2020-05-22 19:01:09,275 INFO Blind spot found, angular correction -1
2020-05-22 19:01:09,375 INFO Blind spot found, angular correction -1
2020-05-22 19:01:09,909 INFO Blind spot found, angular correction -1
2020-05-22 19:01:10,011 INFO Blind spot found, angular correction -1
2020-05-22 19:01:10,107 INFO Blind spot found, angular correction -1
2020-05-22 19:01:10,629 INFO Blind spot found, angular correction -1
2020-05-22 19:01:10,726 INFO Blind spot found, angular correction -1
2020-05-22 19:01:10,825 INFO Blind spot found, angular correction 1
2020-05-22 19:01:11,044 INFO Blind spot found, angular correction 1
2020-05-22 19:01:11,143 INFO Blind spot found, angular correction -1
2020-05-22 19:01:11,254 INFO Blind spot found, angular correction -1
2020-05-22 19:01:11,364 INFO Blind spot found, angular correction -1
2020-05-22 19:01:11,461 INFO Blind spot found, angular correction 1
2020-05-22 19:01:11,680 INFO Blind spot found, angular correction 1
2020-05-22 19:01:11,777 INFO Blind spot found, angular correction -1
2020-05-22 19:01:11,877 INFO Blind spot found, angular correction -1
2020-05-22 19:01:12,000 INFO Blind spot found, angular correction -1
2020-05-22 19:01:12,090 INFO Blind spot found, angular correction -1
2020-05-22 19:01:12,607 INFO Blind spot found, angular correction 1
2020-05-22 19:01:12,709 INFO Blind spot found, angular correction -1
2020-05-22 19:01:12,808 INFO Blind spot found, angular correction -1
2020-05-22 19:01:12,907 INFO Blind spot found, angular correction -1
2020-05-22 19:01:13,012 INFO Blind spot found, angular correction 1
2020-05-22 19:01:13,214 INFO Blind spot found, angular correction 1
2020-05-22 19:01:13,320 INFO Blind spot found, angular correction -1
2020-05-22 19:01:13,419 INFO Blind spot found, angular correction -1
2020-05-22 19:01:13,509 INFO Robot stop
2020-05-22 19:01:55,450 INFO Robot start moving /thymio10
2020-05-22 19:02:01,292 INFO Blind spot found, angular correction -1
2020-05-22 19:02:01,397 INFO Blind spot found, angular correction -1
2020-05-22 19:02:09,536 INFO Blind spot found, angular correction -1
2020-05-22 19:02:09,633 INFO Blind spot found, angular correction -1
2020-05-22 19:02:09,734 INFO Blind spot found, angular correction -1
2020-05-22 19:02:39,687 INFO Blind spot found, angular correction -1
2020-05-22 19:03:17,988 INFO Blind spot found, angular correction 1
2020-05-22 19:03:18,596 INFO Blind spot found, angular correction 1
2020-05-22 19:03:18,697 INFO Blind spot found, angular correction 1
2020-05-22 19:03:40,208 INFO Robot stop
2020-05-22 19:05:09,572 INFO Robot start moving /thymio10
2020-05-22 19:05:33,391 INFO Blind spot found, angular correction -1
2020-05-22 19:05:33,496 INFO Blind spot found, angular correction -1
2020-05-22 19:05:33,597 INFO Blind spot found, angular correction -1
2020-05-22 19:05:33,695 INFO Blind spot found, angular correction -1
2020-05-22 19:05:34,110 INFO Blind spot found, angular correction -1
2020-05-22 19:05:34,206 INFO Blind spot found, angular correction -1
2020-05-22 19:05:34,310 INFO Blind spot found, angular correction -1
2020-05-22 19:05:34,527 INFO Blind spot found, angular correction -1
2020-05-22 19:05:34,627 INFO Blind spot found, angular correction -1
2020-05-22 19:05:34,730 INFO Blind spot found, angular correction -1
2020-05-22 19:05:35,231 INFO Blind spot found, angular correction -1
2020-05-22 19:05:35,339 INFO Blind spot found, angular correction -1
2020-05-22 19:05:35,439 INFO Blind spot found, angular correction -1
2020-05-22 19:05:35,537 INFO Blind spot found, angular correction -1
2020-05-22 19:05:35,649 INFO Blind spot found, angular correction -1
2020-05-22 19:05:35,749 INFO Blind spot found, angular correction -1
2020-05-22 19:05:35,844 INFO Blind spot found, angular correction -1
2020-05-22 19:05:35,959 INFO Blind spot found, angular correction -1
2020-05-22 19:05:36,052 INFO Blind spot found, angular correction -1
2020-05-22 19:05:36,149 INFO Blind spot found, angular correction -1
2020-05-22 19:05:36,266 INFO Blind spot found, angular correction 1
2020-05-22 19:05:36,360 INFO Blind spot found, angular correction 1
2020-05-22 19:05:36,459 INFO Blind spot found, angular correction -1
2020-05-22 19:05:36,567 INFO Blind spot found, angular correction -1
2020-05-22 19:05:36,667 INFO Blind spot found, angular correction -1
2020-05-22 19:05:36,767 INFO Blind spot found, angular correction -1
2020-05-22 19:05:36,879 INFO Blind spot found, angular correction -1
2020-05-22 19:05:36,977 INFO Blind spot found, angular correction -1
2020-05-22 19:05:37,085 INFO Blind spot found, angular correction 1
2020-05-22 19:05:37,182 INFO Blind spot found, angular correction 1
2020-05-22 19:05:37,282 INFO Blind spot found, angular correction -1
2020-05-22 19:05:37,386 INFO Blind spot found, angular correction -1
2020-05-22 19:05:37,494 INFO Blind spot found, angular correction -1
2020-05-22 19:05:37,594 INFO Blind spot found, angular correction -1
2020-05-22 19:05:37,692 INFO Blind spot found, angular correction -1
2020-05-22 19:05:37,810 INFO Blind spot found, angular correction -1
2020-05-22 19:05:38,017 INFO Blind spot found, angular correction 1
2020-05-22 19:05:38,123 INFO Blind spot found, angular correction -1
2020-05-22 19:05:38,218 INFO Blind spot found, angular correction -1
2020-05-22 19:05:38,328 INFO Blind spot found, angular correction -1
2020-05-22 19:05:38,428 INFO Blind spot found, angular correction -1
2020-05-22 19:05:38,532 INFO Blind spot found, angular correction -1
2020-05-22 19:05:38,640 INFO Blind spot found, angular correction -1
2020-05-22 19:05:38,734 INFO Blind spot found, angular correction 1
2020-05-22 19:05:38,833 INFO Blind spot found, angular correction 1
2020-05-22 19:05:38,942 INFO Blind spot found, angular correction -1
2020-05-22 19:05:39,046 INFO Blind spot found, angular correction -1
2020-05-22 19:05:39,144 INFO Blind spot found, angular correction -1
2020-05-22 19:05:39,254 INFO Blind spot found, angular correction -1
2020-05-22 19:05:39,348 INFO Blind spot found, angular correction -1
2020-05-22 19:05:39,446 INFO Blind spot found, angular correction 1
2020-05-22 19:05:39,548 INFO Blind spot found, angular correction -1
2020-05-22 19:05:39,646 INFO Blind spot found, angular correction -1
2020-05-22 19:05:39,745 INFO Blind spot found, angular correction -1
2020-05-22 19:05:40,058 INFO Blind spot found, angular correction -1
2020-05-22 19:05:40,166 INFO Blind spot found, angular correction -1
2020-05-22 19:05:40,270 INFO Blind spot found, angular correction -1
2020-05-22 19:05:40,367 INFO Blind spot found, angular correction -1
2020-05-22 19:05:43,843 INFO Blind spot found, angular correction -1
2020-05-22 19:05:43,940 INFO Blind spot found, angular correction -1
2020-05-22 19:05:44,040 INFO Blind spot found, angular correction -1
2020-05-22 19:05:44,147 INFO Blind spot found, angular correction -1
2020-05-22 19:05:44,251 INFO Blind spot found, angular correction -1
2020-05-22 19:05:44,353 INFO Blind spot found, angular correction -1
2020-05-22 19:05:44,468 INFO Blind spot found, angular correction -1
2020-05-22 19:05:44,559 INFO Blind spot found, angular correction -1
2020-05-22 19:05:44,668 INFO Blind spot found, angular correction -1
2020-05-22 19:05:44,764 INFO Blind spot found, angular correction -1
2020-05-22 19:05:44,862 INFO Blind spot found, angular correction -1
2020-05-22 19:05:44,970 INFO Blind spot found, angular correction -1
2020-05-22 19:05:45,068 INFO Blind spot found, angular correction -1
2020-05-22 19:05:45,168 INFO Blind spot found, angular correction -1
2020-05-22 19:05:45,270 INFO Blind spot found, angular correction -1
2020-05-22 19:05:45,373 INFO Blind spot found, angular correction -1
2020-05-22 19:05:45,469 INFO Blind spot found, angular correction -1
2020-05-22 19:05:45,570 INFO Blind spot found, angular correction -1
2020-05-22 19:05:45,672 INFO Blind spot found, angular correction -1
2020-05-22 19:05:45,779 INFO Blind spot found, angular correction -1
2020-05-22 19:05:45,882 INFO Blind spot found, angular correction -1
2020-05-22 19:05:45,980 INFO Blind spot found, angular correction -1
2020-05-22 19:05:46,079 INFO Blind spot found, angular correction -1
2020-05-22 19:05:46,197 INFO Blind spot found, angular correction -1
2020-05-22 19:05:46,293 INFO Blind spot found, angular correction -1
2020-05-22 19:05:46,391 INFO Blind spot found, angular correction -1
2020-05-22 19:05:46,495 INFO Blind spot found, angular correction -1
2020-05-22 19:05:46,602 INFO Blind spot found, angular correction -1
2020-05-22 19:05:46,697 INFO Blind spot found, angular correction -1
2020-05-22 19:05:46,798 INFO Blind spot found, angular correction -1
2020-05-22 19:05:46,895 INFO Blind spot found, angular correction -1
2020-05-22 19:05:46,995 INFO Blind spot found, angular correction -1
2020-05-22 19:05:47,115 INFO Blind spot found, angular correction -1
2020-05-22 19:05:47,219 INFO Blind spot found, angular correction -1
2020-05-22 19:05:47,318 INFO Blind spot found, angular correction -1
2020-05-22 19:05:47,433 INFO Blind spot found, angular correction -1
2020-05-22 19:05:47,528 INFO Blind spot found, angular correction -1
2020-05-22 19:05:47,626 INFO Blind spot found, angular correction -1
2020-05-22 19:05:47,732 INFO Blind spot found, angular correction -1
2020-05-22 19:05:47,828 INFO Blind spot found, angular correction -1
2020-05-22 19:05:47,929 INFO Blind spot found, angular correction -1
2020-05-22 19:05:48,036 INFO Blind spot found, angular correction -1
2020-05-22 19:05:48,139 INFO Blind spot found, angular correction -1
2020-05-22 19:05:48,237 INFO Blind spot found, angular correction -1
2020-05-22 19:05:48,346 INFO Blind spot found, angular correction -1
2020-05-22 19:05:48,450 INFO Blind spot found, angular correction -1
2020-05-22 19:05:48,546 INFO Blind spot found, angular correction -1
2020-05-22 19:05:48,647 INFO Blind spot found, angular correction -1
2020-05-22 19:05:48,748 INFO Blind spot found, angular correction -1
2020-05-22 19:05:48,846 INFO Blind spot found, angular correction -1
2020-05-22 19:05:48,953 INFO Blind spot found, angular correction -1
2020-05-22 19:05:49,052 INFO Blind spot found, angular correction -1
2020-05-22 19:05:49,150 INFO Blind spot found, angular correction -1
2020-05-22 19:05:49,261 INFO Blind spot found, angular correction -1
2020-05-22 19:05:49,362 INFO Blind spot found, angular correction -1
2020-05-22 19:05:49,458 INFO Blind spot found, angular correction -1
2020-05-22 19:05:49,565 INFO Blind spot found, angular correction -1
2020-05-22 19:05:49,665 INFO Blind spot found, angular correction -1
2020-05-22 19:05:49,764 INFO Blind spot found, angular correction -1
2020-05-22 19:05:49,869 INFO Blind spot found, angular correction -1
2020-05-22 19:05:49,984 INFO Blind spot found, angular correction -1
2020-05-22 19:05:50,084 INFO Blind spot found, angular correction -1
2020-05-22 19:05:50,189 INFO Blind spot found, angular correction -1
2020-05-22 19:05:50,295 INFO Blind spot found, angular correction -1
2020-05-22 19:05:50,393 INFO Blind spot found, angular correction -1
2020-05-22 19:05:50,506 INFO Blind spot found, angular correction -1
2020-05-22 19:05:50,606 INFO Blind spot found, angular correction -1
2020-05-22 19:05:50,702 INFO Blind spot found, angular correction -1
2020-05-22 19:05:50,810 INFO Blind spot found, angular correction -1
2020-05-22 19:05:50,925 INFO Blind spot found, angular correction -1
2020-05-22 19:05:51,021 INFO Blind spot found, angular correction -1
2020-05-22 19:05:51,130 INFO Blind spot found, angular correction -1
2020-05-22 19:05:51,233 INFO Blind spot found, angular correction -1
2020-05-22 19:05:51,334 INFO Blind spot found, angular correction -1
2020-05-22 19:05:51,434 INFO Blind spot found, angular correction -1
2020-05-22 19:05:51,536 INFO Blind spot found, angular correction -1
2020-05-22 19:05:51,634 INFO Blind spot found, angular correction -1
2020-05-22 19:05:51,738 INFO Blind spot found, angular correction -1
2020-05-22 19:05:51,843 INFO Blind spot found, angular correction -1
2020-05-22 19:05:51,907 INFO Robot stop
2020-05-22 19:09:24,619 INFO Robot start moving /thymio10
2020-05-22 19:10:29,376 INFO Blind spot found, angular correction 1
2020-05-22 19:10:29,471 INFO Blind spot found, angular correction 1
2020-05-22 19:10:30,200 INFO Blind spot found, angular correction 1
2020-05-22 19:10:30,317 INFO Blind spot found, angular correction 1
2020-05-22 19:11:17,280 INFO Blind spot found, angular correction 1
2020-05-22 19:11:17,388 INFO Blind spot found, angular correction 1
2020-05-22 19:11:17,486 INFO Blind spot found, angular correction 1
2020-05-22 19:11:17,596 INFO Blind spot found, angular correction 1
2020-05-22 19:12:04,023 INFO Blind spot found, angular correction 1
2020-05-22 19:12:04,115 INFO Blind spot found, angular correction 1
2020-05-22 19:12:04,214 INFO Blind spot found, angular correction 1
2020-05-22 19:12:04,315 INFO Blind spot found, angular correction 1
2020-05-22 19:12:04,415 INFO Blind spot found, angular correction 1
2020-05-22 19:12:04,515 INFO Blind spot found, angular correction 1
2020-05-22 19:12:50,651 INFO Blind spot found, angular correction 1
2020-05-22 19:12:50,756 INFO Blind spot found, angular correction 1
2020-05-22 19:12:50,862 INFO Blind spot found, angular correction 1
2020-05-22 19:12:50,960 INFO Blind spot found, angular correction 1
2020-05-22 19:12:51,068 INFO Blind spot found, angular correction 1
2020-05-22 19:13:37,031 INFO Blind spot found, angular correction 1
2020-05-22 19:13:38,280 INFO Blind spot found, angular correction 1
2020-05-22 19:15:13,242 INFO Blind spot found, angular correction 1
2020-05-22 19:15:13,341 INFO Blind spot found, angular correction 1
2020-05-22 19:15:13,474 INFO Blind spot found, angular correction 1
2020-05-22 19:15:13,566 INFO Blind spot found, angular correction 1
2020-05-22 19:15:13,660 INFO Blind spot found, angular correction 1
2020-05-22 19:15:13,763 INFO Blind spot found, angular correction 1
2020-05-22 19:15:13,861 INFO Blind spot found, angular correction 1
2020-05-22 19:15:28,497 INFO Robot stop
2020-05-22 19:16:29,214 INFO Robot start moving /thymio10
2020-05-22 19:16:36,165 INFO Blind spot found, angular correction -1
2020-05-22 19:17:33,939 INFO Blind spot found, angular correction -1
2020-05-22 19:18:59,758 INFO Blind spot found, angular correction -1
2020-05-22 19:18:59,855 INFO Blind spot found, angular correction -1
2020-05-22 19:20:23,695 INFO Blind spot found, angular correction -1
2020-05-22 19:20:24,108 INFO Blind spot found, angular correction -1
2020-05-22 19:20:52,143 INFO Robot stop
