2020-05-08 13:09:36,271 INFO Robot start moving /thymio10
2020-05-08 13:09:37,151 DEBUG new state: colision detected
2020-05-08 13:09:39,284 DEBUG new state: Turning away
2020-05-08 13:09:39,284 DEBUG Instruction finish
2020-05-08 13:09:39,515 DEBUG Actual angle: 6.05713346407, low range: 2.71952826716, high range: 2.81952826716
2020-05-08 13:09:39,689 DEBUG Actual angle: 6.08156284051, low range: 2.71952826716, high range: 2.81952826716
2020-05-08 13:09:39,895 DEBUG Actual angle: 6.13057619287, low range: 2.71952826716, high range: 2.81952826716
2020-05-08 13:09:40,059 DEBUG Actual angle: 6.16738430214, low range: 2.71952826716, high range: 2.81952826716
2020-05-08 13:09:40,214 DEBUG Actual angle: 6.20423526941, low range: 2.71952826716, high range: 2.81952826716
2020-05-08 13:09:40,418 DEBUG Actual angle: 6.24112994518, low range: 2.71952826716, high range: 2.81952826716
2020-05-08 13:09:40,610 DEBUG Actual angle: 6.29039133254, low range: 2.71952826716, high range: 2.81952826716
2020-05-08 13:09:40,771 DEBUG Actual angle: 0.0397256089054, low range: 2.71952826716, high range: 2.81952826716
2020-05-08 13:09:40,935 DEBUG Actual angle: 0.0767643682008, low range: 2.71952826716, high range: 2.81952826716
2020-05-08 13:09:41,114 DEBUG Actual angle: 0.113804273565, low range: 2.71952826716, high range: 2.81952826716
2020-05-08 13:09:41,252 DEBUG Actual angle: 0.138498735228, low range: 2.71952826716, high range: 2.81952826716
2020-05-08 13:09:41,508 DEBUG Actual angle: 0.200236203415, low range: 2.71952826716, high range: 2.81952826716
2020-05-08 13:09:41,669 DEBUG Actual angle: 0.237277454454, low range: 2.71952826716, high range: 2.81952826716
2020-05-08 13:09:41,835 DEBUG Actual angle: 0.274314852051, low range: 2.71952826716, high range: 2.81952826716
2020-05-08 13:09:42,013 DEBUG Actual angle: 0.311343707703, low range: 2.71952826716, high range: 2.81952826716
2020-05-08 13:09:42,171 DEBUG Actual angle: 0.348359610881, low range: 2.71952826716, high range: 2.81952826716
2020-05-08 13:09:42,339 DEBUG Actual angle: 0.38535745983, low range: 2.71952826716, high range: 2.81952826716
2020-05-08 13:09:42,536 DEBUG Actual angle: 0.434652035056, low range: 2.71952826716, high range: 2.81952826716
2020-05-08 13:09:42,742 DEBUG Actual angle: 0.471589361839, low range: 2.71952826716, high range: 2.81952826716
2020-05-08 13:09:42,900 DEBUG Actual angle: 0.508493087551, low range: 2.71952826716, high range: 2.81952826716
2020-05-08 13:09:43,075 DEBUG Actual angle: 0.545359468359, low range: 2.71952826716, high range: 2.81952826716
2020-05-08 13:09:43,287 DEBUG Actual angle: 0.606711931001, low range: 2.71952826716, high range: 2.81952826716
2020-05-08 13:09:43,560 DEBUG Actual angle: 0.655705425366, low range: 2.71952826716, high range: 2.81952826716
2020-05-08 13:09:43,765 DEBUG Actual angle: 0.692396945787, low range: 2.71952826716, high range: 2.81952826716
2020-05-08 13:09:43,950 DEBUG Actual angle: 0.741247466496, low range: 2.71952826716, high range: 2.81952826716
2020-05-08 13:09:44,110 DEBUG Actual angle: 0.765642820486, low range: 2.71952826716, high range: 2.81952826716
2020-05-08 13:09:44,298 DEBUG Actual angle: 0.814376897049, low range: 2.71952826716, high range: 2.81952826716
2020-05-08 13:09:44,475 DEBUG Actual angle: 0.838717491903, low range: 2.71952826716, high range: 2.81952826716
2020-05-08 13:09:44,630 DEBUG Actual angle: 0.875198911738, low range: 2.71952826716, high range: 2.81952826716
2020-05-08 13:09:44,775 DEBUG Actual angle: 0.899502475625, low range: 2.71952826716, high range: 2.81952826716
2020-05-08 13:09:44,959 DEBUG Actual angle: 0.935936198062, low range: 2.71952826716, high range: 2.81952826716
2020-05-08 13:09:45,137 DEBUG Actual angle: 0.972349946631, low range: 2.71952826716, high range: 2.81952826716
2020-05-08 13:09:45,360 DEBUG Actual angle: 1.02088303072, low range: 2.71952826716, high range: 2.81952826716
2020-05-08 13:09:45,532 DEBUG Actual angle: 1.05727803586, low range: 2.71952826716, high range: 2.81952826716
2020-05-08 13:09:45,720 DEBUG Actual angle: 1.10581286079, low range: 2.71952826716, high range: 2.81952826716
2020-05-08 13:09:45,994 DEBUG Actual angle: 1.15437362487, low range: 2.71952826716, high range: 2.81952826716
2020-05-08 13:09:46,179 DEBUG Actual angle: 1.20297722178, low range: 2.71952826716, high range: 2.81952826716
2020-05-08 13:09:46,374 DEBUG Actual angle: 1.23946712661, low range: 2.71952826716, high range: 2.81952826716
2020-05-08 13:09:46,579 DEBUG Actual angle: 1.28818036626, low range: 2.71952826716, high range: 2.81952826716
2020-05-08 13:09:46,751 DEBUG Actual angle: 1.32476626009, low range: 2.71952826716, high range: 2.81952826716
2020-05-08 13:09:46,947 DEBUG Actual angle: 1.36139999244, low range: 2.71952826716, high range: 2.81952826716
2020-05-08 13:09:47,197 DEBUG Actual angle: 1.42257014261, low range: 2.71952826716, high range: 2.81952826716
2020-05-08 13:09:47,413 DEBUG Actual angle: 1.45934384222, low range: 2.71952826716, high range: 2.81952826716
2020-05-08 13:09:47,660 DEBUG Actual angle: 1.52075639855, low range: 2.71952826716, high range: 2.81952826716
2020-05-08 13:09:47,939 DEBUG Actual angle: 1.56999813077, low range: 2.71952826716, high range: 2.81952826716
2020-05-08 13:09:48,182 DEBUG Actual angle: 1.61933238587, low range: 2.71952826716, high range: 2.81952826716
2020-05-08 13:09:48,428 DEBUG Actual angle: 1.66872788649, low range: 2.71952826716, high range: 2.81952826716
2020-05-08 13:09:48,618 DEBUG Actual angle: 1.70578902638, low range: 2.71952826716, high range: 2.81952826716
2020-05-08 13:09:48,812 DEBUG Actual angle: 1.74286291819, low range: 2.71952826716, high range: 2.81952826716
2020-05-08 13:09:48,975 DEBUG Actual angle: 1.77994785057, low range: 2.71952826716, high range: 2.81952826716
2020-05-08 13:09:49,169 DEBUG Actual angle: 1.81704230524, low range: 2.71952826716, high range: 2.81952826716
2020-05-08 13:09:49,363 INFO Robot stop
2020-05-08 13:12:48,385 INFO Robot start moving /thymio10
2020-05-08 13:13:06,086 INFO Robot stop
2020-05-08 13:15:37,429 INFO Robot start moving /thymio10
2020-05-08 13:15:39,442 INFO Robot stop
2020-05-08 13:16:00,244 INFO Robot start moving /thymio10
2020-05-08 13:16:01,271 INFO Robot stop
2020-05-08 13:16:13,526 INFO Robot start moving /thymio10
2020-05-08 13:16:14,073 INFO Robot stop
2020-05-08 13:16:34,601 INFO Robot start moving /thymio10
2020-05-08 13:16:35,044 INFO Robot stop
2020-05-08 13:17:02,796 INFO Robot start moving /thymio10
2020-05-08 13:17:06,514 INFO Robot stop
2020-05-08 13:17:54,952 INFO Robot start moving /thymio10
2020-05-08 13:17:56,359 INFO Robot stop
2020-05-08 13:18:13,289 INFO Robot start moving /thymio10
2020-05-08 13:18:14,636 INFO Robot stop
2020-05-08 13:18:39,183 INFO Robot start moving /thymio10
2020-05-08 13:18:42,295 INFO Robot stop
2020-05-08 13:18:50,967 INFO Robot start moving /thymio10
2020-05-08 13:18:52,093 DEBUG new state: colision detected
2020-05-08 13:18:54,771 DEBUG new state: Turning away
2020-05-08 13:18:54,771 DEBUG Instruction finish
2020-05-08 13:18:55,020 DEBUG Actual angle: 1.88142845308, low range: 4.84389819367, high range: 4.94389819367
2020-05-08 13:18:55,253 DEBUG Actual angle: 1.91817149246, low range: 4.84389819367, high range: 4.94389819367
2020-05-08 13:18:55,568 DEBUG Actual angle: 1.97949175886, low range: 4.84389819367, high range: 4.94389819367
2020-05-08 13:18:55,793 DEBUG Actual angle: 2.02847859598, low range: 4.84389819367, high range: 4.94389819367
2020-05-08 13:18:56,073 DEBUG Actual angle: 2.08963052069, low range: 4.84389819367, high range: 4.94389819367
2020-05-08 13:18:56,358 DEBUG Actual angle: 2.15069921974, low range: 4.84389819367, high range: 4.94389819367
2020-05-08 13:18:56,567 DEBUG Actual angle: 2.19950216913, low range: 4.84389819367, high range: 4.94389819367
2020-05-08 13:18:56,743 DEBUG Actual angle: 2.23607911179, low range: 4.84389819367, high range: 4.94389819367
2020-05-08 13:18:57,015 DEBUG Actual angle: 2.29700365276, low range: 4.84389819367, high range: 4.94389819367
2020-05-08 13:18:57,251 DEBUG Actual angle: 2.33354290981, low range: 4.84389819367, high range: 4.94389819367
2020-05-08 13:18:57,501 DEBUG Actual angle: 2.38225316651, low range: 4.84389819367, high range: 4.94389819367
2020-05-08 13:18:57,847 DEBUG Actual angle: 2.44314211128, low range: 4.84389819367, high range: 4.94389819367
2020-05-08 13:18:58,069 DEBUG Actual angle: 2.47968368042, low range: 4.84389819367, high range: 4.94389819367
2020-05-08 13:18:58,276 DEBUG Actual angle: 2.52842511271, low range: 4.84389819367, high range: 4.94389819367
2020-05-08 13:18:58,582 DEBUG Actual angle: 2.60160007194, low range: 4.84389819367, high range: 4.94389819367
2020-05-08 13:18:58,633 INFO Robot stop
